<?xml version="1.0" encoding="UTF-8"?>
<testsuites>
  <testsuite name="" tests="73" assertions="148" errors="0" warnings="0" failures="0" skipped="0" time="0.046885">
    <testsuite name="MyTestSuite" tests="73" assertions="148" errors="0" warnings="0" failures="0" skipped="0" time="0.046885">
      <testsuite name="Tests\App\Card\CardHandTest" file="/home/anbl/dbwebb-kurser/mvc/me/report/tests/Card/CardHandTest.php" tests="8" assertions="15" errors="0" warnings="0" failures="0" skipped="0" time="0.002312">
        <testcase name="testCardHandConstructor" class="Tests\App\Card\CardHandTest" classname="Tests.App.Card.CardHandTest" file="/home/anbl/dbwebb-kurser/mvc/me/report/tests/Card/CardHandTest.php" line="25" assertions="1" time="0.001210"/>
        <testcase name="testGetCards" class="Tests\App\Card\CardHandTest" classname="Tests.App.Card.CardHandTest" file="/home/anbl/dbwebb-kurser/mvc/me/report/tests/Card/CardHandTest.php" line="30" assertions="3" time="0.000203"/>
        <testcase name="testAddCard" class="Tests\App\Card\CardHandTest" classname="Tests.App.Card.CardHandTest" file="/home/anbl/dbwebb-kurser/mvc/me/report/tests/Card/CardHandTest.php" line="37" assertions="2" time="0.000169"/>
        <testcase name="testGetCardsAsString" class="Tests\App\Card\CardHandTest" classname="Tests.App.Card.CardHandTest" file="/home/anbl/dbwebb-kurser/mvc/me/report/tests/Card/CardHandTest.php" line="45" assertions="2" time="0.000242"/>
        <testcase name="testHasAce" class="Tests\App\Card\CardHandTest" classname="Tests.App.Card.CardHandTest" file="/home/anbl/dbwebb-kurser/mvc/me/report/tests/Card/CardHandTest.php" line="51" assertions="2" time="0.000138"/>
        <testcase name="testGetScore" class="Tests\App\Card\CardHandTest" classname="Tests.App.Card.CardHandTest" file="/home/anbl/dbwebb-kurser/mvc/me/report/tests/Card/CardHandTest.php" line="68" assertions="1" time="0.000152"/>
        <testcase name="testIsGameOver" class="Tests\App\Card\CardHandTest" classname="Tests.App.Card.CardHandTest" file="/home/anbl/dbwebb-kurser/mvc/me/report/tests/Card/CardHandTest.php" line="90" assertions="2" time="0.000089"/>
        <testcase name="testIsGameOverMoreThan21" class="Tests\App\Card\CardHandTest" classname="Tests.App.Card.CardHandTest" file="/home/anbl/dbwebb-kurser/mvc/me/report/tests/Card/CardHandTest.php" line="102" assertions="2" time="0.000109"/>
      </testsuite>
      <testsuite name="App\Card\CardTest" file="/home/anbl/dbwebb-kurser/mvc/me/report/tests/Card/CardTest.php" tests="5" assertions="5" errors="0" warnings="0" failures="0" skipped="0" time="0.000266">
        <testcase name="testGetValue" class="App\Card\CardTest" classname="App.Card.CardTest" file="/home/anbl/dbwebb-kurser/mvc/me/report/tests/Card/CardTest.php" line="20" assertions="1" time="0.000109"/>
        <testcase name="testGetFamily" class="App\Card\CardTest" classname="App.Card.CardTest" file="/home/anbl/dbwebb-kurser/mvc/me/report/tests/Card/CardTest.php" line="25" assertions="1" time="0.000035"/>
        <testcase name="testGetAsString" class="App\Card\CardTest" classname="App.Card.CardTest" file="/home/anbl/dbwebb-kurser/mvc/me/report/tests/Card/CardTest.php" line="30" assertions="1" time="0.000034"/>
        <testcase name="testGetSymbol" class="App\Card\CardTest" classname="App.Card.CardTest" file="/home/anbl/dbwebb-kurser/mvc/me/report/tests/Card/CardTest.php" line="35" assertions="1" time="0.000034"/>
        <testcase name="testCreateEmptyCard" class="App\Card\CardTest" classname="App.Card.CardTest" file="/home/anbl/dbwebb-kurser/mvc/me/report/tests/Card/CardTest.php" line="40" assertions="1" time="0.000054"/>
      </testsuite>
      <testsuite name="App\Card\DeckOfCardsTest" file="/home/anbl/dbwebb-kurser/mvc/me/report/tests/Card/DeckOfCardsTest.php" tests="8" assertions="14" errors="0" warnings="0" failures="0" skipped="0" time="0.004500">
        <testcase name="testDeckOfCardsCreation" class="App\Card\DeckOfCardsTest" classname="App.Card.DeckOfCardsTest" file="/home/anbl/dbwebb-kurser/mvc/me/report/tests/Card/DeckOfCardsTest.php" line="20" assertions="2" time="0.000066"/>
        <testcase name="testDrawCard" class="App\Card\DeckOfCardsTest" classname="App.Card.DeckOfCardsTest" file="/home/anbl/dbwebb-kurser/mvc/me/report/tests/Card/DeckOfCardsTest.php" line="26" assertions="3" time="0.000070"/>
        <testcase name="testDrawAllCards" class="App\Card\DeckOfCardsTest" classname="App.Card.DeckOfCardsTest" file="/home/anbl/dbwebb-kurser/mvc/me/report/tests/Card/DeckOfCardsTest.php" line="34" assertions="1" time="0.000255"/>
        <testcase name="testMixCards" class="App\Card\DeckOfCardsTest" classname="App.Card.DeckOfCardsTest" file="/home/anbl/dbwebb-kurser/mvc/me/report/tests/Card/DeckOfCardsTest.php" line="43" assertions="2" time="0.000078"/>
        <testcase name="testRemainingCards" class="App\Card\DeckOfCardsTest" classname="App.Card.DeckOfCardsTest" file="/home/anbl/dbwebb-kurser/mvc/me/report/tests/Card/DeckOfCardsTest.php" line="56" assertions="2" time="0.000078"/>
        <testcase name="testSortRemainingCards" class="App\Card\DeckOfCardsTest" classname="App.Card.DeckOfCardsTest" file="/home/anbl/dbwebb-kurser/mvc/me/report/tests/Card/DeckOfCardsTest.php" line="66" assertions="1" time="0.000600"/>
        <testcase name="testMixCardsDiffer" class="App\Card\DeckOfCardsTest" classname="App.Card.DeckOfCardsTest" file="/home/anbl/dbwebb-kurser/mvc/me/report/tests/Card/DeckOfCardsTest.php" line="75" assertions="1" time="0.003260"/>
        <testcase name="testConstructorCreatesFullDeck" class="App\Card\DeckOfCardsTest" classname="App.Card.DeckOfCardsTest" file="/home/anbl/dbwebb-kurser/mvc/me/report/tests/Card/DeckOfCardsTest.php" line="86" assertions="2" time="0.000094"/>
      </testsuite>
      <testsuite name="App\Card\GameTest" file="/home/anbl/dbwebb-kurser/mvc/me/report/tests/Card/GameTest.php" tests="18" assertions="43" errors="0" warnings="0" failures="0" skipped="0" time="0.004968">
        <testcase name="testStartNewRound" class="App\Card\GameTest" classname="App.Card.GameTest" file="/home/anbl/dbwebb-kurser/mvc/me/report/tests/Card/GameTest.php" line="22" assertions="2" time="0.000467"/>
        <testcase name="testGetPlayer" class="App\Card\GameTest" classname="App.Card.GameTest" file="/home/anbl/dbwebb-kurser/mvc/me/report/tests/Card/GameTest.php" line="32" assertions="1" time="0.000141"/>
        <testcase name="testGetBank" class="App\Card\GameTest" classname="App.Card.GameTest" file="/home/anbl/dbwebb-kurser/mvc/me/report/tests/Card/GameTest.php" line="38" assertions="1" time="0.000121"/>
        <testcase name="testGetDeck" class="App\Card\GameTest" classname="App.Card.GameTest" file="/home/anbl/dbwebb-kurser/mvc/me/report/tests/Card/GameTest.php" line="44" assertions="1" time="0.000122"/>
        <testcase name="testIsBankTurn" class="App\Card\GameTest" classname="App.Card.GameTest" file="/home/anbl/dbwebb-kurser/mvc/me/report/tests/Card/GameTest.php" line="50" assertions="1" time="0.000082"/>
        <testcase name="testResetHard" class="App\Card\GameTest" classname="App.Card.GameTest" file="/home/anbl/dbwebb-kurser/mvc/me/report/tests/Card/GameTest.php" line="56" assertions="1" time="0.000135"/>
        <testcase name="testPlayerHitScore" class="App\Card\GameTest" classname="App.Card.GameTest" file="/home/anbl/dbwebb-kurser/mvc/me/report/tests/Card/GameTest.php" line="68" assertions="1" time="0.000082"/>
        <testcase name="testBankHitScore" class="App\Card\GameTest" classname="App.Card.GameTest" file="/home/anbl/dbwebb-kurser/mvc/me/report/tests/Card/GameTest.php" line="78" assertions="1" time="0.000194"/>
        <testcase name="testBankHitScorePartDeux" class="App\Card\GameTest" classname="App.Card.GameTest" file="/home/anbl/dbwebb-kurser/mvc/me/report/tests/Card/GameTest.php" line="95" assertions="1" time="0.000203"/>
        <testcase name="testBankHitScoreLowScore" class="App\Card\GameTest" classname="App.Card.GameTest" file="/home/anbl/dbwebb-kurser/mvc/me/report/tests/Card/GameTest.php" line="111" assertions="1" time="0.000640"/>
        <testcase name="testCheckGameOver" class="App\Card\GameTest" classname="App.Card.GameTest" file="/home/anbl/dbwebb-kurser/mvc/me/report/tests/Card/GameTest.php" line="126" assertions="1" time="0.000496"/>
        <testcase name="testCheckGameOverNoCards" class="App\Card\GameTest" classname="App.Card.GameTest" file="/home/anbl/dbwebb-kurser/mvc/me/report/tests/Card/GameTest.php" line="141" assertions="1" time="0.000236"/>
        <testcase name="testCheckGameOverFalse" class="App\Card\GameTest" classname="App.Card.GameTest" file="/home/anbl/dbwebb-kurser/mvc/me/report/tests/Card/GameTest.php" line="159" assertions="1" time="0.000172"/>
        <testcase name="testGetMessage" class="App\Card\GameTest" classname="App.Card.GameTest" file="/home/anbl/dbwebb-kurser/mvc/me/report/tests/Card/GameTest.php" line="173" assertions="1" time="0.000200"/>
        <testcase name="testStand" class="App\Card\GameTest" classname="App.Card.GameTest" file="/home/anbl/dbwebb-kurser/mvc/me/report/tests/Card/GameTest.php" line="180" assertions="1" time="0.000072"/>
        <testcase name="testResetBets" class="App\Card\GameTest" classname="App.Card.GameTest" file="/home/anbl/dbwebb-kurser/mvc/me/report/tests/Card/GameTest.php" line="186" assertions="2" time="0.000087"/>
        <testcase name="testGetData" class="App\Card\GameTest" classname="App.Card.GameTest" file="/home/anbl/dbwebb-kurser/mvc/me/report/tests/Card/GameTest.php" line="193" assertions="12" time="0.000138"/>
        <testcase name="testEndOfRound" class="App\Card\GameTest" classname="App.Card.GameTest" file="/home/anbl/dbwebb-kurser/mvc/me/report/tests/Card/GameTest.php" line="212" assertions="13" time="0.001380"/>
      </testsuite>
      <testsuite name="App\Tests\Controller\LibraryControllerTest" file="/home/anbl/dbwebb-kurser/mvc/me/report/tests/Card/LibraryControllerTest.php" tests="7" assertions="27" errors="0" warnings="0" failures="0" skipped="0" time="0.021380">
        <testcase name="testIndex" class="App\Tests\Controller\LibraryControllerTest" classname="App.Tests.Controller.LibraryControllerTest" file="/home/anbl/dbwebb-kurser/mvc/me/report/tests/Card/LibraryControllerTest.php" line="22" assertions="2" time="0.011015"/>
        <testcase name="testCreateBook" class="App\Tests\Controller\LibraryControllerTest" classname="App.Tests.Controller.LibraryControllerTest" file="/home/anbl/dbwebb-kurser/mvc/me/report/tests/Card/LibraryControllerTest.php" line="40" assertions="5" time="0.006566"/>
        <testcase name="testReadOne" class="App\Tests\Controller\LibraryControllerTest" classname="App.Tests.Controller.LibraryControllerTest" file="/home/anbl/dbwebb-kurser/mvc/me/report/tests/Card/LibraryControllerTest.php" line="87" assertions="4" time="0.002374"/>
        <testcase name="testReadOneThrowsNotFoundException" class="App\Tests\Controller\LibraryControllerTest" classname="App.Tests.Controller.LibraryControllerTest" file="/home/anbl/dbwebb-kurser/mvc/me/report/tests/Card/LibraryControllerTest.php" line="119" assertions="4" time="0.000433"/>
        <testcase name="testReadMany" class="App\Tests\Controller\LibraryControllerTest" classname="App.Tests.Controller.LibraryControllerTest" file="/home/anbl/dbwebb-kurser/mvc/me/report/tests/Card/LibraryControllerTest.php" line="146" assertions="4" time="0.000377"/>
        <testcase name="testDelete" class="App\Tests\Controller\LibraryControllerTest" classname="App.Tests.Controller.LibraryControllerTest" file="/home/anbl/dbwebb-kurser/mvc/me/report/tests/Card/LibraryControllerTest.php" line="176" assertions="4" time="0.000366"/>
        <testcase name="testUpdate" class="App\Tests\Controller\LibraryControllerTest" classname="App.Tests.Controller.LibraryControllerTest" file="/home/anbl/dbwebb-kurser/mvc/me/report/tests/Card/LibraryControllerTest.php" line="199" assertions="4" time="0.000250"/>
      </testsuite>
      <testsuite name="App\Card\PlayerTest" file="/home/anbl/dbwebb-kurser/mvc/me/report/tests/Card/PlayerTest.php" tests="18" assertions="25" errors="0" warnings="0" failures="0" skipped="0" time="0.008901">
        <testcase name="testInitWithBet" class="App\Card\PlayerTest" classname="App.Card.PlayerTest" file="/home/anbl/dbwebb-kurser/mvc/me/report/tests/Card/PlayerTest.php" line="27" assertions="2" time="0.000084"/>
        <testcase name="testInitWithoutBet" class="App\Card\PlayerTest" classname="App.Card.PlayerTest" file="/home/anbl/dbwebb-kurser/mvc/me/report/tests/Card/PlayerTest.php" line="33" assertions="2" time="0.000078"/>
        <testcase name="testInitialMoney" class="App\Card\PlayerTest" classname="App.Card.PlayerTest" file="/home/anbl/dbwebb-kurser/mvc/me/report/tests/Card/PlayerTest.php" line="41" assertions="1" time="0.000076"/>
        <testcase name="testGetName" class="App\Card\PlayerTest" classname="App.Card.PlayerTest" file="/home/anbl/dbwebb-kurser/mvc/me/report/tests/Card/PlayerTest.php" line="46" assertions="1" time="0.000072"/>
        <testcase name="testGetEndCond" class="App\Card\PlayerTest" classname="App.Card.PlayerTest" file="/home/anbl/dbwebb-kurser/mvc/me/report/tests/Card/PlayerTest.php" line="51" assertions="2" time="0.000070"/>
        <testcase name="testGetType" class="App\Card\PlayerTest" classname="App.Card.PlayerTest" file="/home/anbl/dbwebb-kurser/mvc/me/report/tests/Card/PlayerTest.php" line="57" assertions="1" time="0.000106"/>
        <testcase name="testGetHand" class="App\Card\PlayerTest" classname="App.Card.PlayerTest" file="/home/anbl/dbwebb-kurser/mvc/me/report/tests/Card/PlayerTest.php" line="62" assertions="1" time="0.000098"/>
        <testcase name="testGetScore" class="App\Card\PlayerTest" classname="App.Card.PlayerTest" file="/home/anbl/dbwebb-kurser/mvc/me/report/tests/Card/PlayerTest.php" line="67" assertions="1" time="0.000074"/>
        <testcase name="testResetHand" class="App\Card\PlayerTest" classname="App.Card.PlayerTest" file="/home/anbl/dbwebb-kurser/mvc/me/report/tests/Card/PlayerTest.php" line="72" assertions="1" time="0.000264"/>
        <testcase name="testHit" class="App\Card\PlayerTest" classname="App.Card.PlayerTest" file="/home/anbl/dbwebb-kurser/mvc/me/report/tests/Card/PlayerTest.php" line="81" assertions="1" time="0.000108"/>
        <testcase name="testGetMoney" class="App\Card\PlayerTest" classname="App.Card.PlayerTest" file="/home/anbl/dbwebb-kurser/mvc/me/report/tests/Card/PlayerTest.php" line="90" assertions="1" time="0.000074"/>
        <testcase name="testAddMoney" class="App\Card\PlayerTest" classname="App.Card.PlayerTest" file="/home/anbl/dbwebb-kurser/mvc/me/report/tests/Card/PlayerTest.php" line="96" assertions="1" time="0.000072"/>
        <testcase name="testPayMoney" class="App\Card\PlayerTest" classname="App.Card.PlayerTest" file="/home/anbl/dbwebb-kurser/mvc/me/report/tests/Card/PlayerTest.php" line="102" assertions="1" time="0.000073"/>
        <testcase name="testNewBetForBank" class="App\Card\PlayerTest" classname="App.Card.PlayerTest" file="/home/anbl/dbwebb-kurser/mvc/me/report/tests/Card/PlayerTest.php" line="108" assertions="4" time="0.000982"/>
        <testcase name="testSetCurrentBet" class="App\Card\PlayerTest" classname="App.Card.PlayerTest" file="/home/anbl/dbwebb-kurser/mvc/me/report/tests/Card/PlayerTest.php" line="124" assertions="2" time="0.000097"/>
        <testcase name="testGetCurrentBet" class="App\Card\PlayerTest" classname="App.Card.PlayerTest" file="/home/anbl/dbwebb-kurser/mvc/me/report/tests/Card/PlayerTest.php" line="131" assertions="1" time="0.000085"/>
        <testcase name="testHitException" class="App\Card\PlayerTest" classname="App.Card.PlayerTest" file="/home/anbl/dbwebb-kurser/mvc/me/report/tests/Card/PlayerTest.php" line="137" assertions="1" time="0.000167"/>
        <testcase name="testHitTrue" class="App\Card\PlayerTest" classname="App.Card.PlayerTest" file="/home/anbl/dbwebb-kurser/mvc/me/report/tests/Card/PlayerTest.php" line="151" assertions="1" time="0.006321"/>
      </testsuite>
      <testsuite name="App\Card\RulesTest" file="/home/anbl/dbwebb-kurser/mvc/me/report/tests/Card/RulesTest.php" tests="9" assertions="19" errors="0" warnings="0" failures="0" skipped="0" time="0.004557">
        <testcase name="testDetermineWinnerPlayerWins" class="App\Card\RulesTest" classname="App.Card.RulesTest" file="/home/anbl/dbwebb-kurser/mvc/me/report/tests/Card/RulesTest.php" line="27" assertions="3" time="0.002534"/>
        <testcase name="testDetermineWinnerBankWinsPlayerIsFat" class="App\Card\RulesTest" classname="App.Card.RulesTest" file="/home/anbl/dbwebb-kurser/mvc/me/report/tests/Card/RulesTest.php" line="44" assertions="3" time="0.000238"/>
        <testcase name="testDetermineWinnerPlayerWinsBankIsFat" class="App\Card\RulesTest" classname="App.Card.RulesTest" file="/home/anbl/dbwebb-kurser/mvc/me/report/tests/Card/RulesTest.php" line="61" assertions="3" time="0.000219"/>
        <testcase name="testDetermineWinnerBankWinsOnScore" class="App\Card\RulesTest" classname="App.Card.RulesTest" file="/home/anbl/dbwebb-kurser/mvc/me/report/tests/Card/RulesTest.php" line="78" assertions="3" time="0.000486"/>
        <testcase name="testDetermineWinnerGameTies" class="App\Card\RulesTest" classname="App.Card.RulesTest" file="/home/anbl/dbwebb-kurser/mvc/me/report/tests/Card/RulesTest.php" line="95" assertions="3" time="0.000494"/>
        <testcase name="testPayoutPlayerWins" class="App\Card\RulesTest" classname="App.Card.RulesTest" file="/home/anbl/dbwebb-kurser/mvc/me/report/tests/Card/RulesTest.php" line="112" assertions="1" time="0.000135"/>
        <testcase name="testPayoutBankWinsAndPlayerRunsOutOfMoney" class="App\Card\RulesTest" classname="App.Card.RulesTest" file="/home/anbl/dbwebb-kurser/mvc/me/report/tests/Card/RulesTest.php" line="127" assertions="1" time="0.000114"/>
        <testcase name="testEndOfGameNotReached" class="App\Card\RulesTest" classname="App.Card.RulesTest" file="/home/anbl/dbwebb-kurser/mvc/me/report/tests/Card/RulesTest.php" line="142" assertions="1" time="0.000167"/>
        <testcase name="testEndOfGame" class="App\Card\RulesTest" classname="App.Card.RulesTest" file="/home/anbl/dbwebb-kurser/mvc/me/report/tests/Card/RulesTest.php" line="149" assertions="1" time="0.000170"/>
      </testsuite>
    </testsuite>
  </testsuite>
</testsuites>
