<?xml version="1.0" encoding="UTF-8"?>
<testsuites>
  <testsuite name="" tests="73" assertions="148" errors="0" warnings="0" failures="0" skipped="0" time="0.045884">
    <testsuite name="MyTestSuite" tests="73" assertions="148" errors="0" warnings="0" failures="0" skipped="0" time="0.045884">
      <testsuite name="Tests\App\Card\CardHandTest" file="/home/anbl/dbwebb-kurser/mvc/me/report/tests/Card/CardHandTest.php" tests="8" assertions="15" errors="0" warnings="0" failures="0" skipped="0" time="0.002494">
        <testcase name="testCardHandConstructor" class="Tests\App\Card\CardHandTest" classname="Tests.App.Card.CardHandTest" file="/home/anbl/dbwebb-kurser/mvc/me/report/tests/Card/CardHandTest.php" line="25" assertions="1" time="0.001202"/>
        <testcase name="testGetCards" class="Tests\App\Card\CardHandTest" classname="Tests.App.Card.CardHandTest" file="/home/anbl/dbwebb-kurser/mvc/me/report/tests/Card/CardHandTest.php" line="30" assertions="3" time="0.000195"/>
        <testcase name="testAddCard" class="Tests\App\Card\CardHandTest" classname="Tests.App.Card.CardHandTest" file="/home/anbl/dbwebb-kurser/mvc/me/report/tests/Card/CardHandTest.php" line="37" assertions="2" time="0.000174"/>
        <testcase name="testGetCardsAsString" class="Tests\App\Card\CardHandTest" classname="Tests.App.Card.CardHandTest" file="/home/anbl/dbwebb-kurser/mvc/me/report/tests/Card/CardHandTest.php" line="45" assertions="2" time="0.000305"/>
        <testcase name="testHasAce" class="Tests\App\Card\CardHandTest" classname="Tests.App.Card.CardHandTest" file="/home/anbl/dbwebb-kurser/mvc/me/report/tests/Card/CardHandTest.php" line="51" assertions="2" time="0.000165"/>
        <testcase name="testGetScore" class="Tests\App\Card\CardHandTest" classname="Tests.App.Card.CardHandTest" file="/home/anbl/dbwebb-kurser/mvc/me/report/tests/Card/CardHandTest.php" line="68" assertions="1" time="0.000189"/>
        <testcase name="testIsGameOver" class="Tests\App\Card\CardHandTest" classname="Tests.App.Card.CardHandTest" file="/home/anbl/dbwebb-kurser/mvc/me/report/tests/Card/CardHandTest.php" line="90" assertions="2" time="0.000128"/>
        <testcase name="testIsGameOverMoreThan21" class="Tests\App\Card\CardHandTest" classname="Tests.App.Card.CardHandTest" file="/home/anbl/dbwebb-kurser/mvc/me/report/tests/Card/CardHandTest.php" line="102" assertions="2" time="0.000135"/>
      </testsuite>
      <testsuite name="App\Card\CardTest" file="/home/anbl/dbwebb-kurser/mvc/me/report/tests/Card/CardTest.php" tests="5" assertions="5" errors="0" warnings="0" failures="0" skipped="0" time="0.000276">
        <testcase name="testGetValue" class="App\Card\CardTest" classname="App.Card.CardTest" file="/home/anbl/dbwebb-kurser/mvc/me/report/tests/Card/CardTest.php" line="20" assertions="1" time="0.000115"/>
        <testcase name="testGetFamily" class="App\Card\CardTest" classname="App.Card.CardTest" file="/home/anbl/dbwebb-kurser/mvc/me/report/tests/Card/CardTest.php" line="25" assertions="1" time="0.000034"/>
        <testcase name="testGetAsString" class="App\Card\CardTest" classname="App.Card.CardTest" file="/home/anbl/dbwebb-kurser/mvc/me/report/tests/Card/CardTest.php" line="30" assertions="1" time="0.000038"/>
        <testcase name="testGetSymbol" class="App\Card\CardTest" classname="App.Card.CardTest" file="/home/anbl/dbwebb-kurser/mvc/me/report/tests/Card/CardTest.php" line="35" assertions="1" time="0.000046"/>
        <testcase name="testCreateEmptyCard" class="App\Card\CardTest" classname="App.Card.CardTest" file="/home/anbl/dbwebb-kurser/mvc/me/report/tests/Card/CardTest.php" line="40" assertions="1" time="0.000043"/>
      </testsuite>
      <testsuite name="App\Card\DeckOfCardsTest" file="/home/anbl/dbwebb-kurser/mvc/me/report/tests/Card/DeckOfCardsTest.php" tests="8" assertions="14" errors="0" warnings="0" failures="0" skipped="0" time="0.004355">
        <testcase name="testDeckOfCardsCreation" class="App\Card\DeckOfCardsTest" classname="App.Card.DeckOfCardsTest" file="/home/anbl/dbwebb-kurser/mvc/me/report/tests/Card/DeckOfCardsTest.php" line="20" assertions="2" time="0.000067"/>
        <testcase name="testDrawCard" class="App\Card\DeckOfCardsTest" classname="App.Card.DeckOfCardsTest" file="/home/anbl/dbwebb-kurser/mvc/me/report/tests/Card/DeckOfCardsTest.php" line="26" assertions="3" time="0.000083"/>
        <testcase name="testDrawAllCards" class="App\Card\DeckOfCardsTest" classname="App.Card.DeckOfCardsTest" file="/home/anbl/dbwebb-kurser/mvc/me/report/tests/Card/DeckOfCardsTest.php" line="34" assertions="1" time="0.000262"/>
        <testcase name="testMixCards" class="App\Card\DeckOfCardsTest" classname="App.Card.DeckOfCardsTest" file="/home/anbl/dbwebb-kurser/mvc/me/report/tests/Card/DeckOfCardsTest.php" line="43" assertions="2" time="0.000073"/>
        <testcase name="testRemainingCards" class="App\Card\DeckOfCardsTest" classname="App.Card.DeckOfCardsTest" file="/home/anbl/dbwebb-kurser/mvc/me/report/tests/Card/DeckOfCardsTest.php" line="56" assertions="2" time="0.000066"/>
        <testcase name="testSortRemainingCards" class="App\Card\DeckOfCardsTest" classname="App.Card.DeckOfCardsTest" file="/home/anbl/dbwebb-kurser/mvc/me/report/tests/Card/DeckOfCardsTest.php" line="66" assertions="1" time="0.000669"/>
        <testcase name="testMixCardsDiffer" class="App\Card\DeckOfCardsTest" classname="App.Card.DeckOfCardsTest" file="/home/anbl/dbwebb-kurser/mvc/me/report/tests/Card/DeckOfCardsTest.php" line="75" assertions="1" time="0.002991"/>
        <testcase name="testConstructorCreatesFullDeck" class="App\Card\DeckOfCardsTest" classname="App.Card.DeckOfCardsTest" file="/home/anbl/dbwebb-kurser/mvc/me/report/tests/Card/DeckOfCardsTest.php" line="86" assertions="2" time="0.000145"/>
      </testsuite>
      <testsuite name="App\Card\GameTest" file="/home/anbl/dbwebb-kurser/mvc/me/report/tests/Card/GameTest.php" tests="18" assertions="43" errors="0" warnings="0" failures="0" skipped="0" time="0.006022">
        <testcase name="testStartNewRound" class="App\Card\GameTest" classname="App.Card.GameTest" file="/home/anbl/dbwebb-kurser/mvc/me/report/tests/Card/GameTest.php" line="22" assertions="2" time="0.000387"/>
        <testcase name="testGetPlayer" class="App\Card\GameTest" classname="App.Card.GameTest" file="/home/anbl/dbwebb-kurser/mvc/me/report/tests/Card/GameTest.php" line="32" assertions="1" time="0.000141"/>
        <testcase name="testGetBank" class="App\Card\GameTest" classname="App.Card.GameTest" file="/home/anbl/dbwebb-kurser/mvc/me/report/tests/Card/GameTest.php" line="38" assertions="1" time="0.000121"/>
        <testcase name="testGetDeck" class="App\Card\GameTest" classname="App.Card.GameTest" file="/home/anbl/dbwebb-kurser/mvc/me/report/tests/Card/GameTest.php" line="44" assertions="1" time="0.000114"/>
        <testcase name="testIsBankTurn" class="App\Card\GameTest" classname="App.Card.GameTest" file="/home/anbl/dbwebb-kurser/mvc/me/report/tests/Card/GameTest.php" line="50" assertions="1" time="0.000167"/>
        <testcase name="testResetHard" class="App\Card\GameTest" classname="App.Card.GameTest" file="/home/anbl/dbwebb-kurser/mvc/me/report/tests/Card/GameTest.php" line="56" assertions="1" time="0.000150"/>
        <testcase name="testPlayerHitScore" class="App\Card\GameTest" classname="App.Card.GameTest" file="/home/anbl/dbwebb-kurser/mvc/me/report/tests/Card/GameTest.php" line="68" assertions="1" time="0.000082"/>
        <testcase name="testBankHitScore" class="App\Card\GameTest" classname="App.Card.GameTest" file="/home/anbl/dbwebb-kurser/mvc/me/report/tests/Card/GameTest.php" line="78" assertions="1" time="0.000125">
          <system-out> new score: 11</system-out>
        </testcase>
        <testcase name="testBankHitScorePartDeux" class="App\Card\GameTest" classname="App.Card.GameTest" file="/home/anbl/dbwebb-kurser/mvc/me/report/tests/Card/GameTest.php" line="95" assertions="1" time="0.000496">
          <system-out> new score: 17</system-out>
        </testcase>
        <testcase name="testBankHitScoreLowScore" class="App\Card\GameTest" classname="App.Card.GameTest" file="/home/anbl/dbwebb-kurser/mvc/me/report/tests/Card/GameTest.php" line="111" assertions="1" time="0.000875">
          <system-out> new score: 14</system-out>
        </testcase>
        <testcase name="testCheckGameOver" class="App\Card\GameTest" classname="App.Card.GameTest" file="/home/anbl/dbwebb-kurser/mvc/me/report/tests/Card/GameTest.php" line="126" assertions="1" time="0.000119"/>
        <testcase name="testCheckGameOverNoCards" class="App\Card\GameTest" classname="App.Card.GameTest" file="/home/anbl/dbwebb-kurser/mvc/me/report/tests/Card/GameTest.php" line="141" assertions="1" time="0.000168"/>
        <testcase name="testCheckGameOverFalse" class="App\Card\GameTest" classname="App.Card.GameTest" file="/home/anbl/dbwebb-kurser/mvc/me/report/tests/Card/GameTest.php" line="159" assertions="1" time="0.000112"/>
        <testcase name="testGetMessage" class="App\Card\GameTest" classname="App.Card.GameTest" file="/home/anbl/dbwebb-kurser/mvc/me/report/tests/Card/GameTest.php" line="173" assertions="1" time="0.000191"/>
        <testcase name="testStand" class="App\Card\GameTest" classname="App.Card.GameTest" file="/home/anbl/dbwebb-kurser/mvc/me/report/tests/Card/GameTest.php" line="180" assertions="1" time="0.000075"/>
        <testcase name="testResetBets" class="App\Card\GameTest" classname="App.Card.GameTest" file="/home/anbl/dbwebb-kurser/mvc/me/report/tests/Card/GameTest.php" line="186" assertions="2" time="0.000092"/>
        <testcase name="testGetData" class="App\Card\GameTest" classname="App.Card.GameTest" file="/home/anbl/dbwebb-kurser/mvc/me/report/tests/Card/GameTest.php" line="193" assertions="12" time="0.000149"/>
        <testcase name="testEndOfRound" class="App\Card\GameTest" classname="App.Card.GameTest" file="/home/anbl/dbwebb-kurser/mvc/me/report/tests/Card/GameTest.php" line="212" assertions="13" time="0.002459"/>
      </testsuite>
      <testsuite name="App\Tests\Controller\LibraryControllerTest" file="/home/anbl/dbwebb-kurser/mvc/me/report/tests/Card/LibraryControllerTest.php" tests="7" assertions="27" errors="0" warnings="0" failures="0" skipped="0" time="0.020859">
        <testcase name="testIndex" class="App\Tests\Controller\LibraryControllerTest" classname="App.Tests.Controller.LibraryControllerTest" file="/home/anbl/dbwebb-kurser/mvc/me/report/tests/Card/LibraryControllerTest.php" line="23" assertions="2" time="0.010778"/>
        <testcase name="testCreateBook" class="App\Tests\Controller\LibraryControllerTest" classname="App.Tests.Controller.LibraryControllerTest" file="/home/anbl/dbwebb-kurser/mvc/me/report/tests/Card/LibraryControllerTest.php" line="41" assertions="5" time="0.006318"/>
        <testcase name="testReadOne" class="App\Tests\Controller\LibraryControllerTest" classname="App.Tests.Controller.LibraryControllerTest" file="/home/anbl/dbwebb-kurser/mvc/me/report/tests/Card/LibraryControllerTest.php" line="88" assertions="4" time="0.002352"/>
        <testcase name="testReadOneThrowsNotFoundException" class="App\Tests\Controller\LibraryControllerTest" classname="App.Tests.Controller.LibraryControllerTest" file="/home/anbl/dbwebb-kurser/mvc/me/report/tests/Card/LibraryControllerTest.php" line="120" assertions="4" time="0.000431"/>
        <testcase name="testReadMany" class="App\Tests\Controller\LibraryControllerTest" classname="App.Tests.Controller.LibraryControllerTest" file="/home/anbl/dbwebb-kurser/mvc/me/report/tests/Card/LibraryControllerTest.php" line="147" assertions="4" time="0.000321"/>
        <testcase name="testDelete" class="App\Tests\Controller\LibraryControllerTest" classname="App.Tests.Controller.LibraryControllerTest" file="/home/anbl/dbwebb-kurser/mvc/me/report/tests/Card/LibraryControllerTest.php" line="177" assertions="4" time="0.000380"/>
        <testcase name="testUpdate" class="App\Tests\Controller\LibraryControllerTest" classname="App.Tests.Controller.LibraryControllerTest" file="/home/anbl/dbwebb-kurser/mvc/me/report/tests/Card/LibraryControllerTest.php" line="200" assertions="4" time="0.000278"/>
      </testsuite>
      <testsuite name="App\Card\PlayerTest" file="/home/anbl/dbwebb-kurser/mvc/me/report/tests/Card/PlayerTest.php" tests="18" assertions="25" errors="0" warnings="0" failures="0" skipped="0" time="0.002986">
        <testcase name="testInitWithBet" class="App\Card\PlayerTest" classname="App.Card.PlayerTest" file="/home/anbl/dbwebb-kurser/mvc/me/report/tests/Card/PlayerTest.php" line="27" assertions="2" time="0.000092"/>
        <testcase name="testInitWithoutBet" class="App\Card\PlayerTest" classname="App.Card.PlayerTest" file="/home/anbl/dbwebb-kurser/mvc/me/report/tests/Card/PlayerTest.php" line="33" assertions="2" time="0.000088"/>
        <testcase name="testInitialMoney" class="App\Card\PlayerTest" classname="App.Card.PlayerTest" file="/home/anbl/dbwebb-kurser/mvc/me/report/tests/Card/PlayerTest.php" line="41" assertions="1" time="0.000081"/>
        <testcase name="testGetName" class="App\Card\PlayerTest" classname="App.Card.PlayerTest" file="/home/anbl/dbwebb-kurser/mvc/me/report/tests/Card/PlayerTest.php" line="46" assertions="1" time="0.000080"/>
        <testcase name="testGetEndCond" class="App\Card\PlayerTest" classname="App.Card.PlayerTest" file="/home/anbl/dbwebb-kurser/mvc/me/report/tests/Card/PlayerTest.php" line="51" assertions="2" time="0.000070"/>
        <testcase name="testGetType" class="App\Card\PlayerTest" classname="App.Card.PlayerTest" file="/home/anbl/dbwebb-kurser/mvc/me/report/tests/Card/PlayerTest.php" line="57" assertions="1" time="0.000069"/>
        <testcase name="testGetHand" class="App\Card\PlayerTest" classname="App.Card.PlayerTest" file="/home/anbl/dbwebb-kurser/mvc/me/report/tests/Card/PlayerTest.php" line="62" assertions="1" time="0.000069"/>
        <testcase name="testGetScore" class="App\Card\PlayerTest" classname="App.Card.PlayerTest" file="/home/anbl/dbwebb-kurser/mvc/me/report/tests/Card/PlayerTest.php" line="67" assertions="1" time="0.000071"/>
        <testcase name="testResetHand" class="App\Card\PlayerTest" classname="App.Card.PlayerTest" file="/home/anbl/dbwebb-kurser/mvc/me/report/tests/Card/PlayerTest.php" line="72" assertions="1" time="0.000743"/>
        <testcase name="testHit" class="App\Card\PlayerTest" classname="App.Card.PlayerTest" file="/home/anbl/dbwebb-kurser/mvc/me/report/tests/Card/PlayerTest.php" line="81" assertions="1" time="0.000102"/>
        <testcase name="testGetMoney" class="App\Card\PlayerTest" classname="App.Card.PlayerTest" file="/home/anbl/dbwebb-kurser/mvc/me/report/tests/Card/PlayerTest.php" line="90" assertions="1" time="0.000072"/>
        <testcase name="testAddMoney" class="App\Card\PlayerTest" classname="App.Card.PlayerTest" file="/home/anbl/dbwebb-kurser/mvc/me/report/tests/Card/PlayerTest.php" line="96" assertions="1" time="0.000071"/>
        <testcase name="testPayMoney" class="App\Card\PlayerTest" classname="App.Card.PlayerTest" file="/home/anbl/dbwebb-kurser/mvc/me/report/tests/Card/PlayerTest.php" line="102" assertions="1" time="0.000076"/>
        <testcase name="testNewBetForBank" class="App\Card\PlayerTest" classname="App.Card.PlayerTest" file="/home/anbl/dbwebb-kurser/mvc/me/report/tests/Card/PlayerTest.php" line="108" assertions="4" time="0.000330"/>
        <testcase name="testSetCurrentBet" class="App\Card\PlayerTest" classname="App.Card.PlayerTest" file="/home/anbl/dbwebb-kurser/mvc/me/report/tests/Card/PlayerTest.php" line="124" assertions="2" time="0.000084"/>
        <testcase name="testGetCurrentBet" class="App\Card\PlayerTest" classname="App.Card.PlayerTest" file="/home/anbl/dbwebb-kurser/mvc/me/report/tests/Card/PlayerTest.php" line="131" assertions="1" time="0.000070"/>
        <testcase name="testHitException" class="App\Card\PlayerTest" classname="App.Card.PlayerTest" file="/home/anbl/dbwebb-kurser/mvc/me/report/tests/Card/PlayerTest.php" line="137" assertions="1" time="0.000166"/>
        <testcase name="testHitTrue" class="App\Card\PlayerTest" classname="App.Card.PlayerTest" file="/home/anbl/dbwebb-kurser/mvc/me/report/tests/Card/PlayerTest.php" line="151" assertions="1" time="0.000652"/>
      </testsuite>
      <testsuite name="App\Card\RulesTest" file="/home/anbl/dbwebb-kurser/mvc/me/report/tests/Card/RulesTest.php" tests="9" assertions="19" errors="0" warnings="0" failures="0" skipped="0" time="0.008892">
        <testcase name="testDetermineWinnerPlayerWins" class="App\Card\RulesTest" classname="App.Card.RulesTest" file="/home/anbl/dbwebb-kurser/mvc/me/report/tests/Card/RulesTest.php" line="27" assertions="3" time="0.003324"/>
        <testcase name="testDetermineWinnerBankWinsPlayerIsFat" class="App\Card\RulesTest" classname="App.Card.RulesTest" file="/home/anbl/dbwebb-kurser/mvc/me/report/tests/Card/RulesTest.php" line="44" assertions="3" time="0.000209"/>
        <testcase name="testDetermineWinnerPlayerWinsBankIsFat" class="App\Card\RulesTest" classname="App.Card.RulesTest" file="/home/anbl/dbwebb-kurser/mvc/me/report/tests/Card/RulesTest.php" line="61" assertions="3" time="0.000412"/>
        <testcase name="testDetermineWinnerBankWinsOnScore" class="App\Card\RulesTest" classname="App.Card.RulesTest" file="/home/anbl/dbwebb-kurser/mvc/me/report/tests/Card/RulesTest.php" line="78" assertions="3" time="0.000868"/>
        <testcase name="testDetermineWinnerGameTies" class="App\Card\RulesTest" classname="App.Card.RulesTest" file="/home/anbl/dbwebb-kurser/mvc/me/report/tests/Card/RulesTest.php" line="95" assertions="3" time="0.003568"/>
        <testcase name="testPayoutPlayerWins" class="App\Card\RulesTest" classname="App.Card.RulesTest" file="/home/anbl/dbwebb-kurser/mvc/me/report/tests/Card/RulesTest.php" line="112" assertions="1" time="0.000116"/>
        <testcase name="testPayoutBankWinsAndPlayerRunsOutOfMoney" class="App\Card\RulesTest" classname="App.Card.RulesTest" file="/home/anbl/dbwebb-kurser/mvc/me/report/tests/Card/RulesTest.php" line="127" assertions="1" time="0.000130"/>
        <testcase name="testEndOfGameNotReached" class="App\Card\RulesTest" classname="App.Card.RulesTest" file="/home/anbl/dbwebb-kurser/mvc/me/report/tests/Card/RulesTest.php" line="142" assertions="1" time="0.000109"/>
        <testcase name="testEndOfGame" class="App\Card\RulesTest" classname="App.Card.RulesTest" file="/home/anbl/dbwebb-kurser/mvc/me/report/tests/Card/RulesTest.php" line="149" assertions="1" time="0.000157"/>
      </testsuite>
    </testsuite>
  </testsuite>
</testsuites>
