<?xml version="1.0" encoding="UTF-8"?>
<testsuites>
  <testsuite name="" tests="148" assertions="427" errors="0" warnings="0" failures="0" skipped="0" time="0.182349">
    <testsuite name="ControllerTestsuite" tests="7" assertions="27" errors="0" warnings="0" failures="0" skipped="0" time="0.028930">
      <testsuite name="App\Tests\Controller\LibraryControllerTest" file="/home/anbl/dbwebb-kurser/mvc/me/report/tests/Controller/LibraryControllerTest.php" tests="7" assertions="27" errors="0" warnings="0" failures="0" skipped="0" time="0.028930">
        <testcase name="testIndex" class="App\Tests\Controller\LibraryControllerTest" classname="App.Tests.Controller.LibraryControllerTest" file="/home/anbl/dbwebb-kurser/mvc/me/report/tests/Controller/LibraryControllerTest.php" line="22" assertions="2" time="0.009448"/>
        <testcase name="testCreateBook" class="App\Tests\Controller\LibraryControllerTest" classname="App.Tests.Controller.LibraryControllerTest" file="/home/anbl/dbwebb-kurser/mvc/me/report/tests/Controller/LibraryControllerTest.php" line="39" assertions="5" time="0.013220"/>
        <testcase name="testReadOne" class="App\Tests\Controller\LibraryControllerTest" classname="App.Tests.Controller.LibraryControllerTest" file="/home/anbl/dbwebb-kurser/mvc/me/report/tests/Controller/LibraryControllerTest.php" line="86" assertions="4" time="0.003208"/>
        <testcase name="testReadOneThrowsNotFoundException" class="App\Tests\Controller\LibraryControllerTest" classname="App.Tests.Controller.LibraryControllerTest" file="/home/anbl/dbwebb-kurser/mvc/me/report/tests/Controller/LibraryControllerTest.php" line="118" assertions="4" time="0.000973"/>
        <testcase name="testReadMany" class="App\Tests\Controller\LibraryControllerTest" classname="App.Tests.Controller.LibraryControllerTest" file="/home/anbl/dbwebb-kurser/mvc/me/report/tests/Controller/LibraryControllerTest.php" line="145" assertions="4" time="0.000686"/>
        <testcase name="testDelete" class="App\Tests\Controller\LibraryControllerTest" classname="App.Tests.Controller.LibraryControllerTest" file="/home/anbl/dbwebb-kurser/mvc/me/report/tests/Controller/LibraryControllerTest.php" line="175" assertions="4" time="0.000763"/>
        <testcase name="testUpdate" class="App\Tests\Controller\LibraryControllerTest" classname="App.Tests.Controller.LibraryControllerTest" file="/home/anbl/dbwebb-kurser/mvc/me/report/tests/Controller/LibraryControllerTest.php" line="198" assertions="4" time="0.000632"/>
      </testsuite>
    </testsuite>
    <testsuite name="CardTestsuite" tests="66" assertions="121" errors="0" warnings="0" failures="0" skipped="0" time="0.095116">
      <testsuite name="Tests\App\Card\CardHandTest" file="/home/anbl/dbwebb-kurser/mvc/me/report/tests/Card/CardHandTest.php" tests="8" assertions="15" errors="0" warnings="0" failures="0" skipped="0" time="0.006780">
        <testcase name="testCardHandConstructor" class="Tests\App\Card\CardHandTest" classname="Tests.App.Card.CardHandTest" file="/home/anbl/dbwebb-kurser/mvc/me/report/tests/Card/CardHandTest.php" line="25" assertions="1" time="0.000775"/>
        <testcase name="testGetCards" class="Tests\App\Card\CardHandTest" classname="Tests.App.Card.CardHandTest" file="/home/anbl/dbwebb-kurser/mvc/me/report/tests/Card/CardHandTest.php" line="30" assertions="3" time="0.000983"/>
        <testcase name="testAddCard" class="Tests\App\Card\CardHandTest" classname="Tests.App.Card.CardHandTest" file="/home/anbl/dbwebb-kurser/mvc/me/report/tests/Card/CardHandTest.php" line="37" assertions="2" time="0.000429"/>
        <testcase name="testGetCardsAsString" class="Tests\App\Card\CardHandTest" classname="Tests.App.Card.CardHandTest" file="/home/anbl/dbwebb-kurser/mvc/me/report/tests/Card/CardHandTest.php" line="45" assertions="2" time="0.000855"/>
        <testcase name="testHasAce" class="Tests\App\Card\CardHandTest" classname="Tests.App.Card.CardHandTest" file="/home/anbl/dbwebb-kurser/mvc/me/report/tests/Card/CardHandTest.php" line="51" assertions="2" time="0.000876"/>
        <testcase name="testGetScore" class="Tests\App\Card\CardHandTest" classname="Tests.App.Card.CardHandTest" file="/home/anbl/dbwebb-kurser/mvc/me/report/tests/Card/CardHandTest.php" line="68" assertions="1" time="0.001022"/>
        <testcase name="testIsGameOver" class="Tests\App\Card\CardHandTest" classname="Tests.App.Card.CardHandTest" file="/home/anbl/dbwebb-kurser/mvc/me/report/tests/Card/CardHandTest.php" line="90" assertions="2" time="0.000880"/>
        <testcase name="testIsGameOverMoreThan21" class="Tests\App\Card\CardHandTest" classname="Tests.App.Card.CardHandTest" file="/home/anbl/dbwebb-kurser/mvc/me/report/tests/Card/CardHandTest.php" line="102" assertions="2" time="0.000960"/>
      </testsuite>
      <testsuite name="App\Card\CardTest" file="/home/anbl/dbwebb-kurser/mvc/me/report/tests/Card/CardTest.php" tests="5" assertions="5" errors="0" warnings="0" failures="0" skipped="0" time="0.002098">
        <testcase name="testGetValue" class="App\Card\CardTest" classname="App.Card.CardTest" file="/home/anbl/dbwebb-kurser/mvc/me/report/tests/Card/CardTest.php" line="20" assertions="1" time="0.000431"/>
        <testcase name="testGetFamily" class="App\Card\CardTest" classname="App.Card.CardTest" file="/home/anbl/dbwebb-kurser/mvc/me/report/tests/Card/CardTest.php" line="25" assertions="1" time="0.000414"/>
        <testcase name="testGetAsString" class="App\Card\CardTest" classname="App.Card.CardTest" file="/home/anbl/dbwebb-kurser/mvc/me/report/tests/Card/CardTest.php" line="30" assertions="1" time="0.000398"/>
        <testcase name="testGetSymbol" class="App\Card\CardTest" classname="App.Card.CardTest" file="/home/anbl/dbwebb-kurser/mvc/me/report/tests/Card/CardTest.php" line="35" assertions="1" time="0.000399"/>
        <testcase name="testCreateEmptyCard" class="App\Card\CardTest" classname="App.Card.CardTest" file="/home/anbl/dbwebb-kurser/mvc/me/report/tests/Card/CardTest.php" line="40" assertions="1" time="0.000456"/>
      </testsuite>
      <testsuite name="App\Card\DeckOfCardsTest" file="/home/anbl/dbwebb-kurser/mvc/me/report/tests/Card/DeckOfCardsTest.php" tests="8" assertions="14" errors="0" warnings="0" failures="0" skipped="0" time="0.011466">
        <testcase name="testDeckOfCardsCreation" class="App\Card\DeckOfCardsTest" classname="App.Card.DeckOfCardsTest" file="/home/anbl/dbwebb-kurser/mvc/me/report/tests/Card/DeckOfCardsTest.php" line="20" assertions="2" time="0.000632"/>
        <testcase name="testDrawCard" class="App\Card\DeckOfCardsTest" classname="App.Card.DeckOfCardsTest" file="/home/anbl/dbwebb-kurser/mvc/me/report/tests/Card/DeckOfCardsTest.php" line="26" assertions="3" time="0.000389"/>
        <testcase name="testDrawAllCards" class="App\Card\DeckOfCardsTest" classname="App.Card.DeckOfCardsTest" file="/home/anbl/dbwebb-kurser/mvc/me/report/tests/Card/DeckOfCardsTest.php" line="34" assertions="1" time="0.000615"/>
        <testcase name="testMixCards" class="App\Card\DeckOfCardsTest" classname="App.Card.DeckOfCardsTest" file="/home/anbl/dbwebb-kurser/mvc/me/report/tests/Card/DeckOfCardsTest.php" line="43" assertions="2" time="0.000414"/>
        <testcase name="testRemainingCards" class="App\Card\DeckOfCardsTest" classname="App.Card.DeckOfCardsTest" file="/home/anbl/dbwebb-kurser/mvc/me/report/tests/Card/DeckOfCardsTest.php" line="56" assertions="2" time="0.000397"/>
        <testcase name="testSortRemainingCards" class="App\Card\DeckOfCardsTest" classname="App.Card.DeckOfCardsTest" file="/home/anbl/dbwebb-kurser/mvc/me/report/tests/Card/DeckOfCardsTest.php" line="66" assertions="1" time="0.004757"/>
        <testcase name="testMixCardsDiffer" class="App\Card\DeckOfCardsTest" classname="App.Card.DeckOfCardsTest" file="/home/anbl/dbwebb-kurser/mvc/me/report/tests/Card/DeckOfCardsTest.php" line="75" assertions="1" time="0.003737"/>
        <testcase name="testConstructorCreatesFullDeck" class="App\Card\DeckOfCardsTest" classname="App.Card.DeckOfCardsTest" file="/home/anbl/dbwebb-kurser/mvc/me/report/tests/Card/DeckOfCardsTest.php" line="86" assertions="2" time="0.000524"/>
      </testsuite>
      <testsuite name="App\Card\GameTest" file="/home/anbl/dbwebb-kurser/mvc/me/report/tests/Card/GameTest.php" tests="18" assertions="43" errors="0" warnings="0" failures="0" skipped="0" time="0.020937">
        <testcase name="testStartNewRound" class="App\Card\GameTest" classname="App.Card.GameTest" file="/home/anbl/dbwebb-kurser/mvc/me/report/tests/Card/GameTest.php" line="22" assertions="2" time="0.000931"/>
        <testcase name="testGetPlayer" class="App\Card\GameTest" classname="App.Card.GameTest" file="/home/anbl/dbwebb-kurser/mvc/me/report/tests/Card/GameTest.php" line="32" assertions="1" time="0.001107"/>
        <testcase name="testGetBank" class="App\Card\GameTest" classname="App.Card.GameTest" file="/home/anbl/dbwebb-kurser/mvc/me/report/tests/Card/GameTest.php" line="38" assertions="1" time="0.001024"/>
        <testcase name="testGetDeck" class="App\Card\GameTest" classname="App.Card.GameTest" file="/home/anbl/dbwebb-kurser/mvc/me/report/tests/Card/GameTest.php" line="44" assertions="1" time="0.001015"/>
        <testcase name="testIsBankTurn" class="App\Card\GameTest" classname="App.Card.GameTest" file="/home/anbl/dbwebb-kurser/mvc/me/report/tests/Card/GameTest.php" line="50" assertions="1" time="0.000489"/>
        <testcase name="testResetHard" class="App\Card\GameTest" classname="App.Card.GameTest" file="/home/anbl/dbwebb-kurser/mvc/me/report/tests/Card/GameTest.php" line="56" assertions="1" time="0.000618"/>
        <testcase name="testPlayerHitScore" class="App\Card\GameTest" classname="App.Card.GameTest" file="/home/anbl/dbwebb-kurser/mvc/me/report/tests/Card/GameTest.php" line="68" assertions="1" time="0.000474"/>
        <testcase name="testBankHitScore" class="App\Card\GameTest" classname="App.Card.GameTest" file="/home/anbl/dbwebb-kurser/mvc/me/report/tests/Card/GameTest.php" line="78" assertions="1" time="0.001399"/>
        <testcase name="testBankHitScorePartDeux" class="App\Card\GameTest" classname="App.Card.GameTest" file="/home/anbl/dbwebb-kurser/mvc/me/report/tests/Card/GameTest.php" line="95" assertions="1" time="0.004329"/>
        <testcase name="testBankHitScoreLowScore" class="App\Card\GameTest" classname="App.Card.GameTest" file="/home/anbl/dbwebb-kurser/mvc/me/report/tests/Card/GameTest.php" line="111" assertions="1" time="0.000770"/>
        <testcase name="testCheckGameOver" class="App\Card\GameTest" classname="App.Card.GameTest" file="/home/anbl/dbwebb-kurser/mvc/me/report/tests/Card/GameTest.php" line="126" assertions="1" time="0.000599"/>
        <testcase name="testCheckGameOverNoCards" class="App\Card\GameTest" classname="App.Card.GameTest" file="/home/anbl/dbwebb-kurser/mvc/me/report/tests/Card/GameTest.php" line="141" assertions="1" time="0.000974"/>
        <testcase name="testCheckGameOverFalse" class="App\Card\GameTest" classname="App.Card.GameTest" file="/home/anbl/dbwebb-kurser/mvc/me/report/tests/Card/GameTest.php" line="159" assertions="1" time="0.000841"/>
        <testcase name="testGetMessage" class="App\Card\GameTest" classname="App.Card.GameTest" file="/home/anbl/dbwebb-kurser/mvc/me/report/tests/Card/GameTest.php" line="173" assertions="1" time="0.001248"/>
        <testcase name="testStand" class="App\Card\GameTest" classname="App.Card.GameTest" file="/home/anbl/dbwebb-kurser/mvc/me/report/tests/Card/GameTest.php" line="180" assertions="1" time="0.000508"/>
        <testcase name="testResetBets" class="App\Card\GameTest" classname="App.Card.GameTest" file="/home/anbl/dbwebb-kurser/mvc/me/report/tests/Card/GameTest.php" line="186" assertions="2" time="0.000563"/>
        <testcase name="testGetData" class="App\Card\GameTest" classname="App.Card.GameTest" file="/home/anbl/dbwebb-kurser/mvc/me/report/tests/Card/GameTest.php" line="193" assertions="12" time="0.000730"/>
        <testcase name="testEndOfRound" class="App\Card\GameTest" classname="App.Card.GameTest" file="/home/anbl/dbwebb-kurser/mvc/me/report/tests/Card/GameTest.php" line="212" assertions="13" time="0.003319"/>
      </testsuite>
      <testsuite name="App\Card\PlayerTest" file="/home/anbl/dbwebb-kurser/mvc/me/report/tests/Card/PlayerTest.php" tests="18" assertions="25" errors="0" warnings="0" failures="0" skipped="0" time="0.018156">
        <testcase name="testInitWithBet" class="App\Card\PlayerTest" classname="App.Card.PlayerTest" file="/home/anbl/dbwebb-kurser/mvc/me/report/tests/Card/PlayerTest.php" line="27" assertions="2" time="0.000463"/>
        <testcase name="testInitWithoutBet" class="App\Card\PlayerTest" classname="App.Card.PlayerTest" file="/home/anbl/dbwebb-kurser/mvc/me/report/tests/Card/PlayerTest.php" line="33" assertions="2" time="0.000490"/>
        <testcase name="testInitialMoney" class="App\Card\PlayerTest" classname="App.Card.PlayerTest" file="/home/anbl/dbwebb-kurser/mvc/me/report/tests/Card/PlayerTest.php" line="41" assertions="1" time="0.000463"/>
        <testcase name="testGetName" class="App\Card\PlayerTest" classname="App.Card.PlayerTest" file="/home/anbl/dbwebb-kurser/mvc/me/report/tests/Card/PlayerTest.php" line="46" assertions="1" time="0.000483"/>
        <testcase name="testGetEndCond" class="App\Card\PlayerTest" classname="App.Card.PlayerTest" file="/home/anbl/dbwebb-kurser/mvc/me/report/tests/Card/PlayerTest.php" line="51" assertions="2" time="0.000473"/>
        <testcase name="testGetType" class="App\Card\PlayerTest" classname="App.Card.PlayerTest" file="/home/anbl/dbwebb-kurser/mvc/me/report/tests/Card/PlayerTest.php" line="57" assertions="1" time="0.000468"/>
        <testcase name="testGetHand" class="App\Card\PlayerTest" classname="App.Card.PlayerTest" file="/home/anbl/dbwebb-kurser/mvc/me/report/tests/Card/PlayerTest.php" line="62" assertions="1" time="0.000457"/>
        <testcase name="testGetScore" class="App\Card\PlayerTest" classname="App.Card.PlayerTest" file="/home/anbl/dbwebb-kurser/mvc/me/report/tests/Card/PlayerTest.php" line="67" assertions="1" time="0.000485"/>
        <testcase name="testResetHand" class="App\Card\PlayerTest" classname="App.Card.PlayerTest" file="/home/anbl/dbwebb-kurser/mvc/me/report/tests/Card/PlayerTest.php" line="72" assertions="1" time="0.000743"/>
        <testcase name="testHit" class="App\Card\PlayerTest" classname="App.Card.PlayerTest" file="/home/anbl/dbwebb-kurser/mvc/me/report/tests/Card/PlayerTest.php" line="81" assertions="1" time="0.000514"/>
        <testcase name="testGetMoney" class="App\Card\PlayerTest" classname="App.Card.PlayerTest" file="/home/anbl/dbwebb-kurser/mvc/me/report/tests/Card/PlayerTest.php" line="90" assertions="1" time="0.000481"/>
        <testcase name="testAddMoney" class="App\Card\PlayerTest" classname="App.Card.PlayerTest" file="/home/anbl/dbwebb-kurser/mvc/me/report/tests/Card/PlayerTest.php" line="96" assertions="1" time="0.000468"/>
        <testcase name="testPayMoney" class="App\Card\PlayerTest" classname="App.Card.PlayerTest" file="/home/anbl/dbwebb-kurser/mvc/me/report/tests/Card/PlayerTest.php" line="102" assertions="1" time="0.000474"/>
        <testcase name="testNewBetForBank" class="App\Card\PlayerTest" classname="App.Card.PlayerTest" file="/home/anbl/dbwebb-kurser/mvc/me/report/tests/Card/PlayerTest.php" line="108" assertions="4" time="0.000935"/>
        <testcase name="testSetCurrentBet" class="App\Card\PlayerTest" classname="App.Card.PlayerTest" file="/home/anbl/dbwebb-kurser/mvc/me/report/tests/Card/PlayerTest.php" line="124" assertions="2" time="0.000452"/>
        <testcase name="testGetCurrentBet" class="App\Card\PlayerTest" classname="App.Card.PlayerTest" file="/home/anbl/dbwebb-kurser/mvc/me/report/tests/Card/PlayerTest.php" line="131" assertions="1" time="0.000456"/>
        <testcase name="testHitException" class="App\Card\PlayerTest" classname="App.Card.PlayerTest" file="/home/anbl/dbwebb-kurser/mvc/me/report/tests/Card/PlayerTest.php" line="137" assertions="1" time="0.000735"/>
        <testcase name="testHitTrue" class="App\Card\PlayerTest" classname="App.Card.PlayerTest" file="/home/anbl/dbwebb-kurser/mvc/me/report/tests/Card/PlayerTest.php" line="151" assertions="1" time="0.009116"/>
      </testsuite>
      <testsuite name="App\Card\RulesTest" file="/home/anbl/dbwebb-kurser/mvc/me/report/tests/Card/RulesTest.php" tests="9" assertions="19" errors="0" warnings="0" failures="0" skipped="0" time="0.035679">
        <testcase name="testDetermineWinnerPlayerWins" class="App\Card\RulesTest" classname="App.Card.RulesTest" file="/home/anbl/dbwebb-kurser/mvc/me/report/tests/Card/RulesTest.php" line="27" assertions="3" time="0.004778"/>
        <testcase name="testDetermineWinnerBankWinsPlayerIsFat" class="App\Card\RulesTest" classname="App.Card.RulesTest" file="/home/anbl/dbwebb-kurser/mvc/me/report/tests/Card/RulesTest.php" line="44" assertions="3" time="0.000610"/>
        <testcase name="testDetermineWinnerPlayerWinsBankIsFat" class="App\Card\RulesTest" classname="App.Card.RulesTest" file="/home/anbl/dbwebb-kurser/mvc/me/report/tests/Card/RulesTest.php" line="61" assertions="3" time="0.006612"/>
        <testcase name="testDetermineWinnerBankWinsOnScore" class="App\Card\RulesTest" classname="App.Card.RulesTest" file="/home/anbl/dbwebb-kurser/mvc/me/report/tests/Card/RulesTest.php" line="78" assertions="3" time="0.011148"/>
        <testcase name="testDetermineWinnerGameTies" class="App\Card\RulesTest" classname="App.Card.RulesTest" file="/home/anbl/dbwebb-kurser/mvc/me/report/tests/Card/RulesTest.php" line="95" assertions="3" time="0.009860"/>
        <testcase name="testPayoutPlayerWins" class="App\Card\RulesTest" classname="App.Card.RulesTest" file="/home/anbl/dbwebb-kurser/mvc/me/report/tests/Card/RulesTest.php" line="112" assertions="1" time="0.000656"/>
        <testcase name="testPayoutBankWinsAndPlayerRunsOutOfMoney" class="App\Card\RulesTest" classname="App.Card.RulesTest" file="/home/anbl/dbwebb-kurser/mvc/me/report/tests/Card/RulesTest.php" line="127" assertions="1" time="0.000603"/>
        <testcase name="testEndOfGameNotReached" class="App\Card\RulesTest" classname="App.Card.RulesTest" file="/home/anbl/dbwebb-kurser/mvc/me/report/tests/Card/RulesTest.php" line="142" assertions="1" time="0.000645"/>
        <testcase name="testEndOfGame" class="App\Card\RulesTest" classname="App.Card.RulesTest" file="/home/anbl/dbwebb-kurser/mvc/me/report/tests/Card/RulesTest.php" line="149" assertions="1" time="0.000767"/>
      </testsuite>
    </testsuite>
    <testsuite name="ProjTestsuite" tests="75" assertions="279" errors="0" warnings="0" failures="0" skipped="0" time="0.058303">
      <testsuite name="Tests\App\Proj\ActionTypeTest" file="/home/anbl/dbwebb-kurser/mvc/me/report/tests/Proj/ActionTypeTest.php" tests="1" assertions="7" errors="0" warnings="0" failures="0" skipped="0" time="0.015251">
        <testcase name="testSubmitValidData" class="Tests\App\Proj\ActionTypeTest" classname="Tests.App.Proj.ActionTypeTest" file="/home/anbl/dbwebb-kurser/mvc/me/report/tests/Proj/ActionTypeTest.php" line="11" assertions="7" time="0.015251"/>
      </testsuite>
      <testsuite name="Tests\App\Proj\BookTypeTest" file="/home/anbl/dbwebb-kurser/mvc/me/report/tests/Proj/BookTypeTest.php" tests="1" assertions="6" errors="0" warnings="0" failures="0" skipped="0" time="0.002191">
        <testcase name="testSubmitValidData" class="Tests\App\Proj\BookTypeTest" classname="Tests.App.Proj.BookTypeTest" file="/home/anbl/dbwebb-kurser/mvc/me/report/tests/Proj/BookTypeTest.php" line="11" assertions="6" time="0.002191"/>
      </testsuite>
      <testsuite name="Tests\App\Proj\EventByObjectFormTest" file="/home/anbl/dbwebb-kurser/mvc/me/report/tests/Proj/EventByObjectTypeTest.php" tests="1" assertions="10" errors="0" warnings="0" failures="0" skipped="0" time="0.003920">
        <testcase name="testSubmitValidData" class="Tests\App\Proj\EventByObjectFormTest" classname="Tests.App.Proj.EventByObjectFormTest" file="/home/anbl/dbwebb-kurser/mvc/me/report/tests/Proj/EventByObjectTypeTest.php" line="11" assertions="10" time="0.003920"/>
      </testsuite>
      <testsuite name="Tests\App\Proj\EventTest" file="/home/anbl/dbwebb-kurser/mvc/me/report/tests/Proj/EventTest.php" tests="11" assertions="22" errors="0" warnings="0" failures="0" skipped="0" time="0.003785">
        <testcase name="testGetText" class="Tests\App\Proj\EventTest" classname="Tests.App.Proj.EventTest" file="/home/anbl/dbwebb-kurser/mvc/me/report/tests/Proj/EventTest.php" line="24" assertions="2" time="0.000526"/>
        <testcase name="testSetText" class="Tests\App\Proj\EventTest" classname="Tests.App.Proj.EventTest" file="/home/anbl/dbwebb-kurser/mvc/me/report/tests/Proj/EventTest.php" line="31" assertions="2" time="0.000365"/>
        <testcase name="testGetName" class="Tests\App\Proj\EventTest" classname="Tests.App.Proj.EventTest" file="/home/anbl/dbwebb-kurser/mvc/me/report/tests/Proj/EventTest.php" line="39" assertions="2" time="0.000328"/>
        <testcase name="testSetName" class="Tests\App\Proj\EventTest" classname="Tests.App.Proj.EventTest" file="/home/anbl/dbwebb-kurser/mvc/me/report/tests/Proj/EventTest.php" line="46" assertions="2" time="0.000296"/>
        <testcase name="testGetEventId" class="Tests\App\Proj\EventTest" classname="Tests.App.Proj.EventTest" file="/home/anbl/dbwebb-kurser/mvc/me/report/tests/Proj/EventTest.php" line="54" assertions="2" time="0.000287"/>
        <testcase name="testSetEventId" class="Tests\App\Proj\EventTest" classname="Tests.App.Proj.EventTest" file="/home/anbl/dbwebb-kurser/mvc/me/report/tests/Proj/EventTest.php" line="61" assertions="2" time="0.000298"/>
        <testcase name="testGetActions" class="Tests\App\Proj\EventTest" classname="Tests.App.Proj.EventTest" file="/home/anbl/dbwebb-kurser/mvc/me/report/tests/Proj/EventTest.php" line="69" assertions="2" time="0.000321"/>
        <testcase name="testSetActions" class="Tests\App\Proj\EventTest" classname="Tests.App.Proj.EventTest" file="/home/anbl/dbwebb-kurser/mvc/me/report/tests/Proj/EventTest.php" line="76" assertions="2" time="0.000359"/>
        <testcase name="testAddAction" class="Tests\App\Proj\EventTest" classname="Tests.App.Proj.EventTest" file="/home/anbl/dbwebb-kurser/mvc/me/report/tests/Proj/EventTest.php" line="84" assertions="2" time="0.000333"/>
        <testcase name="testGetLocation" class="Tests\App\Proj\EventTest" classname="Tests.App.Proj.EventTest" file="/home/anbl/dbwebb-kurser/mvc/me/report/tests/Proj/EventTest.php" line="93" assertions="2" time="0.000362"/>
        <testcase name="testSetLocation" class="Tests\App\Proj\EventTest" classname="Tests.App.Proj.EventTest" file="/home/anbl/dbwebb-kurser/mvc/me/report/tests/Proj/EventTest.php" line="100" assertions="2" time="0.000310"/>
      </testsuite>
      <testsuite name="Tests\App\Proj\EventTypeTest" file="/home/anbl/dbwebb-kurser/mvc/me/report/tests/Proj/EventTypeTest.php" tests="1" assertions="4" errors="0" warnings="0" failures="0" skipped="0" time="0.001800">
        <testcase name="testSubmitValidData" class="Tests\App\Proj\EventTypeTest" classname="Tests.App.Proj.EventTypeTest" file="/home/anbl/dbwebb-kurser/mvc/me/report/tests/Proj/EventTypeTest.php" line="11" assertions="4" time="0.001800"/>
      </testsuite>
      <testsuite name="Tests\App\Proj\GameObjectTest" file="/home/anbl/dbwebb-kurser/mvc/me/report/tests/Proj/GameObjectTest.php" tests="24" assertions="122" errors="0" warnings="0" failures="0" skipped="0" time="0.008628">
        <testcase name="testGetEffect" class="Tests\App\Proj\GameObjectTest" classname="Tests.App.Proj.GameObjectTest" file="/home/anbl/dbwebb-kurser/mvc/me/report/tests/Proj/GameObjectTest.php" line="49" assertions="5" time="0.000623"/>
        <testcase name="testSetEffect" class="Tests\App\Proj\GameObjectTest" classname="Tests.App.Proj.GameObjectTest" file="/home/anbl/dbwebb-kurser/mvc/me/report/tests/Proj/GameObjectTest.php" line="57" assertions="5" time="0.000456"/>
        <testcase name="testGetImage" class="Tests\App\Proj\GameObjectTest" classname="Tests.App.Proj.GameObjectTest" file="/home/anbl/dbwebb-kurser/mvc/me/report/tests/Proj/GameObjectTest.php" line="65" assertions="5" time="0.000353"/>
        <testcase name="testSetImage" class="Tests\App\Proj\GameObjectTest" classname="Tests.App.Proj.GameObjectTest" file="/home/anbl/dbwebb-kurser/mvc/me/report/tests/Proj/GameObjectTest.php" line="73" assertions="5" time="0.000309"/>
        <testcase name="testGetImage2" class="Tests\App\Proj\GameObjectTest" classname="Tests.App.Proj.GameObjectTest" file="/home/anbl/dbwebb-kurser/mvc/me/report/tests/Proj/GameObjectTest.php" line="81" assertions="5" time="0.000323"/>
        <testcase name="testSetImage2" class="Tests\App\Proj\GameObjectTest" classname="Tests.App.Proj.GameObjectTest" file="/home/anbl/dbwebb-kurser/mvc/me/report/tests/Proj/GameObjectTest.php" line="89" assertions="5" time="0.000296"/>
        <testcase name="testGetName" class="Tests\App\Proj\GameObjectTest" classname="Tests.App.Proj.GameObjectTest" file="/home/anbl/dbwebb-kurser/mvc/me/report/tests/Proj/GameObjectTest.php" line="97" assertions="5" time="0.000339"/>
        <testcase name="testSetName" class="Tests\App\Proj\GameObjectTest" classname="Tests.App.Proj.GameObjectTest" file="/home/anbl/dbwebb-kurser/mvc/me/report/tests/Proj/GameObjectTest.php" line="105" assertions="5" time="0.000356"/>
        <testcase name="testSetPositionX" class="Tests\App\Proj\GameObjectTest" classname="Tests.App.Proj.GameObjectTest" file="/home/anbl/dbwebb-kurser/mvc/me/report/tests/Proj/GameObjectTest.php" line="113" assertions="5" time="0.000391"/>
        <testcase name="testGetPositionX" class="Tests\App\Proj\GameObjectTest" classname="Tests.App.Proj.GameObjectTest" file="/home/anbl/dbwebb-kurser/mvc/me/report/tests/Proj/GameObjectTest.php" line="121" assertions="5" time="0.000384"/>
        <testcase name="testSetPositionY" class="Tests\App\Proj\GameObjectTest" classname="Tests.App.Proj.GameObjectTest" file="/home/anbl/dbwebb-kurser/mvc/me/report/tests/Proj/GameObjectTest.php" line="129" assertions="5" time="0.000386"/>
        <testcase name="testGetPositionY" class="Tests\App\Proj\GameObjectTest" classname="Tests.App.Proj.GameObjectTest" file="/home/anbl/dbwebb-kurser/mvc/me/report/tests/Proj/GameObjectTest.php" line="137" assertions="5" time="0.000341"/>
        <testcase name="testSetPositionZ" class="Tests\App\Proj\GameObjectTest" classname="Tests.App.Proj.GameObjectTest" file="/home/anbl/dbwebb-kurser/mvc/me/report/tests/Proj/GameObjectTest.php" line="145" assertions="5" time="0.000318"/>
        <testcase name="testGetPositionZ" class="Tests\App\Proj\GameObjectTest" classname="Tests.App.Proj.GameObjectTest" file="/home/anbl/dbwebb-kurser/mvc/me/report/tests/Proj/GameObjectTest.php" line="152" assertions="5" time="0.000309"/>
        <testcase name="testGetHeight" class="Tests\App\Proj\GameObjectTest" classname="Tests.App.Proj.GameObjectTest" file="/home/anbl/dbwebb-kurser/mvc/me/report/tests/Proj/GameObjectTest.php" line="159" assertions="5" time="0.000319"/>
        <testcase name="testSetHeight" class="Tests\App\Proj\GameObjectTest" classname="Tests.App.Proj.GameObjectTest" file="/home/anbl/dbwebb-kurser/mvc/me/report/tests/Proj/GameObjectTest.php" line="167" assertions="5" time="0.000352"/>
        <testcase name="testGetWidth" class="Tests\App\Proj\GameObjectTest" classname="Tests.App.Proj.GameObjectTest" file="/home/anbl/dbwebb-kurser/mvc/me/report/tests/Proj/GameObjectTest.php" line="175" assertions="5" time="0.000372"/>
        <testcase name="testSetWidth" class="Tests\App\Proj\GameObjectTest" classname="Tests.App.Proj.GameObjectTest" file="/home/anbl/dbwebb-kurser/mvc/me/report/tests/Proj/GameObjectTest.php" line="183" assertions="5" time="0.000334"/>
        <testcase name="testHasClickOptions" class="Tests\App\Proj\GameObjectTest" classname="Tests.App.Proj.GameObjectTest" file="/home/anbl/dbwebb-kurser/mvc/me/report/tests/Proj/GameObjectTest.php" line="191" assertions="6" time="0.000336"/>
        <testcase name="testOnClick" class="Tests\App\Proj\GameObjectTest" classname="Tests.App.Proj.GameObjectTest" file="/home/anbl/dbwebb-kurser/mvc/me/report/tests/Proj/GameObjectTest.php" line="200" assertions="6" time="0.000357"/>
        <testcase name="testGetOptions" class="Tests\App\Proj\GameObjectTest" classname="Tests.App.Proj.GameObjectTest" file="/home/anbl/dbwebb-kurser/mvc/me/report/tests/Proj/GameObjectTest.php" line="220" assertions="5" time="0.000348"/>
        <testcase name="testGetEventByOptionWithExistingOption" class="Tests\App\Proj\GameObjectTest" classname="Tests.App.Proj.GameObjectTest" file="/home/anbl/dbwebb-kurser/mvc/me/report/tests/Proj/GameObjectTest.php" line="240" assertions="5" time="0.000352"/>
        <testcase name="testGetEventByOptionWithNonExistingOption" class="Tests\App\Proj\GameObjectTest" classname="Tests.App.Proj.GameObjectTest" file="/home/anbl/dbwebb-kurser/mvc/me/report/tests/Proj/GameObjectTest.php" line="262" assertions="5" time="0.000370"/>
        <testcase name="testAddOption" class="Tests\App\Proj\GameObjectTest" classname="Tests.App.Proj.GameObjectTest" file="/home/anbl/dbwebb-kurser/mvc/me/report/tests/Proj/GameObjectTest.php" line="284" assertions="5" time="0.000305"/>
      </testsuite>
      <testsuite name="Tests\App\Proj\GameObjectTypeTest" file="/home/anbl/dbwebb-kurser/mvc/me/report/tests/Proj/GameObjectTypeTest.php" tests="1" assertions="7" errors="0" warnings="0" failures="0" skipped="0" time="0.002467">
        <testcase name="testSubmitValidData" class="Tests\App\Proj\GameObjectTypeTest" classname="Tests.App.Proj.GameObjectTypeTest" file="/home/anbl/dbwebb-kurser/mvc/me/report/tests/Proj/GameObjectTypeTest.php" line="11" assertions="7" time="0.002467"/>
      </testsuite>
      <testsuite name="Tests\App\Proj\GameTest" file="/home/anbl/dbwebb-kurser/mvc/me/report/tests/Proj/GameTest.php" tests="6" assertions="22" errors="0" warnings="0" failures="0" skipped="0" time="0.003000">
        <testcase name="testGetCurrentRoom" class="Tests\App\Proj\GameTest" classname="Tests.App.Proj.GameTest" file="/home/anbl/dbwebb-kurser/mvc/me/report/tests/Proj/GameTest.php" line="47" assertions="4" time="0.001140"/>
        <testcase name="testGetGameState" class="Tests\App\Proj\GameTest" classname="Tests.App.Proj.GameTest" file="/home/anbl/dbwebb-kurser/mvc/me/report/tests/Proj/GameTest.php" line="54" assertions="3" time="0.000450"/>
        <testcase name="testGetGameId" class="Tests\App\Proj\GameTest" classname="Tests.App.Proj.GameTest" file="/home/anbl/dbwebb-kurser/mvc/me/report/tests/Proj/GameTest.php" line="61" assertions="3" time="0.000365"/>
        <testcase name="testGetRooms" class="Tests\App\Proj\GameTest" classname="Tests.App.Proj.GameTest" file="/home/anbl/dbwebb-kurser/mvc/me/report/tests/Proj/GameTest.php" line="67" assertions="4" time="0.000350"/>
        <testcase name="testGetPlayer" class="Tests\App\Proj\GameTest" classname="Tests.App.Proj.GameTest" file="/home/anbl/dbwebb-kurser/mvc/me/report/tests/Proj/GameTest.php" line="78" assertions="4" time="0.000347"/>
        <testcase name="testMapStartingRoom" class="Tests\App\Proj\GameTest" classname="Tests.App.Proj.GameTest" file="/home/anbl/dbwebb-kurser/mvc/me/report/tests/Proj/GameTest.php" line="89" assertions="4" time="0.000347"/>
      </testsuite>
      <testsuite name="Tests\App\Proj\GameTypeTest" file="/home/anbl/dbwebb-kurser/mvc/me/report/tests/Proj/GameTypeTest.php" tests="1" assertions="6" errors="0" warnings="0" failures="0" skipped="0" time="0.002462">
        <testcase name="testSubmitValidData" class="Tests\App\Proj\GameTypeTest" classname="Tests.App.Proj.GameTypeTest" file="/home/anbl/dbwebb-kurser/mvc/me/report/tests/Proj/GameTypeTest.php" line="11" assertions="6" time="0.002462"/>
      </testsuite>
      <testsuite name="Tests\App\Proj\ObjectByRoomTypeTest" file="/home/anbl/dbwebb-kurser/mvc/me/report/tests/Proj/ObjectByRoomTypeTest.php" tests="1" assertions="10" errors="0" warnings="0" failures="0" skipped="0" time="0.003987">
        <testcase name="testSubmitValidData" class="Tests\App\Proj\ObjectByRoomTypeTest" classname="Tests.App.Proj.ObjectByRoomTypeTest" file="/home/anbl/dbwebb-kurser/mvc/me/report/tests/Proj/ObjectByRoomTypeTest.php" line="11" assertions="10" time="0.003987"/>
      </testsuite>
      <testsuite name="Tests\App\Proj\PlayerTest" file="/home/anbl/dbwebb-kurser/mvc/me/report/tests/Proj/PlayerTest.php" tests="8" assertions="12" errors="0" warnings="0" failures="0" skipped="0" time="0.002824">
        <testcase name="testGetAvatar" class="Tests\App\Proj\PlayerTest" classname="Tests.App.Proj.PlayerTest" file="/home/anbl/dbwebb-kurser/mvc/me/report/tests/Proj/PlayerTest.php" line="23" assertions="1" time="0.000436"/>
        <testcase name="testGetName" class="Tests\App\Proj\PlayerTest" classname="Tests.App.Proj.PlayerTest" file="/home/anbl/dbwebb-kurser/mvc/me/report/tests/Proj/PlayerTest.php" line="29" assertions="1" time="0.000282"/>
        <testcase name="testAddToInventory" class="Tests\App\Proj\PlayerTest" classname="Tests.App.Proj.PlayerTest" file="/home/anbl/dbwebb-kurser/mvc/me/report/tests/Proj/PlayerTest.php" line="35" assertions="2" time="0.000305"/>
        <testcase name="testRemoveFromInventory" class="Tests\App\Proj\PlayerTest" classname="Tests.App.Proj.PlayerTest" file="/home/anbl/dbwebb-kurser/mvc/me/report/tests/Proj/PlayerTest.php" line="45" assertions="2" time="0.000377"/>
        <testcase name="testGetInventory" class="Tests\App\Proj\PlayerTest" classname="Tests.App.Proj.PlayerTest" file="/home/anbl/dbwebb-kurser/mvc/me/report/tests/Proj/PlayerTest.php" line="64" assertions="2" time="0.000337"/>
        <testcase name="testGetInventoryNames" class="Tests\App\Proj\PlayerTest" classname="Tests.App.Proj.PlayerTest" file="/home/anbl/dbwebb-kurser/mvc/me/report/tests/Proj/PlayerTest.php" line="80" assertions="2" time="0.000346"/>
        <testcase name="testGetInventoryById" class="Tests\App\Proj\PlayerTest" classname="Tests.App.Proj.PlayerTest" file="/home/anbl/dbwebb-kurser/mvc/me/report/tests/Proj/PlayerTest.php" line="99" assertions="1" time="0.000377"/>
        <testcase name="testGetInventoryByIdNotFound" class="Tests\App\Proj\PlayerTest" classname="Tests.App.Proj.PlayerTest" file="/home/anbl/dbwebb-kurser/mvc/me/report/tests/Proj/PlayerTest.php" line="117" assertions="1" time="0.000363"/>
      </testsuite>
      <testsuite name="Tests\App\Proj\RoomTest" file="/home/anbl/dbwebb-kurser/mvc/me/report/tests/Proj/RoomTest.php" tests="18" assertions="46" errors="0" warnings="0" failures="0" skipped="0" time="0.005964">
        <testcase name="testGetName" class="Tests\App\Proj\RoomTest" classname="Tests.App.Proj.RoomTest" file="/home/anbl/dbwebb-kurser/mvc/me/report/tests/Proj/RoomTest.php" line="69" assertions="2" time="0.000344"/>
        <testcase name="testGetSequence" class="Tests\App\Proj\RoomTest" classname="Tests.App.Proj.RoomTest" file="/home/anbl/dbwebb-kurser/mvc/me/report/tests/Proj/RoomTest.php" line="77" assertions="2" time="0.000302"/>
        <testcase name="testGetId" class="Tests\App\Proj\RoomTest" classname="Tests.App.Proj.RoomTest" file="/home/anbl/dbwebb-kurser/mvc/me/report/tests/Proj/RoomTest.php" line="85" assertions="2" time="0.000306"/>
        <testcase name="testAddNeighbor" class="Tests\App\Proj\RoomTest" classname="Tests.App.Proj.RoomTest" file="/home/anbl/dbwebb-kurser/mvc/me/report/tests/Proj/RoomTest.php" line="93" assertions="3" time="0.000313"/>
        <testcase name="testGetNeighbors" class="Tests\App\Proj\RoomTest" classname="Tests.App.Proj.RoomTest" file="/home/anbl/dbwebb-kurser/mvc/me/report/tests/Proj/RoomTest.php" line="103" assertions="4" time="0.000403"/>
        <testcase name="testGetBackground" class="Tests\App\Proj\RoomTest" classname="Tests.App.Proj.RoomTest" file="/home/anbl/dbwebb-kurser/mvc/me/report/tests/Proj/RoomTest.php" line="114" assertions="2" time="0.000336"/>
        <testcase name="testAddGameObject" class="Tests\App\Proj\RoomTest" classname="Tests.App.Proj.RoomTest" file="/home/anbl/dbwebb-kurser/mvc/me/report/tests/Proj/RoomTest.php" line="122" assertions="3" time="0.000356"/>
        <testcase name="testRemoveGameObject" class="Tests\App\Proj\RoomTest" classname="Tests.App.Proj.RoomTest" file="/home/anbl/dbwebb-kurser/mvc/me/report/tests/Proj/RoomTest.php" line="132" assertions="4" time="0.000356"/>
        <testcase name="testSetBackground" class="Tests\App\Proj\RoomTest" classname="Tests.App.Proj.RoomTest" file="/home/anbl/dbwebb-kurser/mvc/me/report/tests/Proj/RoomTest.php" line="149" assertions="2" time="0.000306"/>
        <testcase name="testRemoveAllGameObjects" class="Tests\App\Proj\RoomTest" classname="Tests.App.Proj.RoomTest" file="/home/anbl/dbwebb-kurser/mvc/me/report/tests/Proj/RoomTest.php" line="158" assertions="2" time="0.000353"/>
        <testcase name="testGetGameObjects" class="Tests\App\Proj\RoomTest" classname="Tests.App.Proj.RoomTest" file="/home/anbl/dbwebb-kurser/mvc/me/report/tests/Proj/RoomTest.php" line="173" assertions="4" time="0.000353"/>
        <testcase name="testGetGameObjectNames" class="Tests\App\Proj\RoomTest" classname="Tests.App.Proj.RoomTest" file="/home/anbl/dbwebb-kurser/mvc/me/report/tests/Proj/RoomTest.php" line="187" assertions="4" time="0.000346"/>
        <testcase name="testGetGameObjectById" class="Tests\App\Proj\RoomTest" classname="Tests.App.Proj.RoomTest" file="/home/anbl/dbwebb-kurser/mvc/me/report/tests/Proj/RoomTest.php" line="201" assertions="2" time="0.000330"/>
        <testcase name="testSetDescription" class="Tests\App\Proj\RoomTest" classname="Tests.App.Proj.RoomTest" file="/home/anbl/dbwebb-kurser/mvc/me/report/tests/Proj/RoomTest.php" line="216" assertions="2" time="0.000321"/>
        <testcase name="testGetDescription" class="Tests\App\Proj\RoomTest" classname="Tests.App.Proj.RoomTest" file="/home/anbl/dbwebb-kurser/mvc/me/report/tests/Proj/RoomTest.php" line="225" assertions="2" time="0.000312"/>
        <testcase name="testIsStartWhenStartIsNull" class="Tests\App\Proj\RoomTest" classname="Tests.App.Proj.RoomTest" file="/home/anbl/dbwebb-kurser/mvc/me/report/tests/Proj/RoomTest.php" line="234" assertions="2" time="0.000319"/>
        <testcase name="testIsStartWhenStartIsTrue" class="Tests\App\Proj\RoomTest" classname="Tests.App.Proj.RoomTest" file="/home/anbl/dbwebb-kurser/mvc/me/report/tests/Proj/RoomTest.php" line="241" assertions="2" time="0.000300"/>
        <testcase name="testIsStartWhenStartIsFalse" class="Tests\App\Proj\RoomTest" classname="Tests.App.Proj.RoomTest" file="/home/anbl/dbwebb-kurser/mvc/me/report/tests/Proj/RoomTest.php" line="251" assertions="2" time="0.000309"/>
      </testsuite>
      <testsuite name="Tests\App\Proj\RoomTypeTest" file="/home/anbl/dbwebb-kurser/mvc/me/report/tests/Proj/RoomTypeTest.php" tests="1" assertions="5" errors="0" warnings="0" failures="0" skipped="0" time="0.002023">
        <testcase name="testSubmitValidData" class="Tests\App\Proj\RoomTypeTest" classname="Tests.App.Proj.RoomTypeTest" file="/home/anbl/dbwebb-kurser/mvc/me/report/tests/Proj/RoomTypeTest.php" line="11" assertions="5" time="0.002023"/>
      </testsuite>
    </testsuite>
  </testsuite>
</testsuites>
