<?xml version="1.0" encoding="UTF-8"?>
<testsuites>
  <testsuite name="" tests="152" assertions="440" errors="0" warnings="0" failures="0" skipped="0" time="0.150810">
    <testsuite name="ControllerTestsuite" tests="7" assertions="27" errors="0" warnings="0" failures="0" skipped="0" time="0.027958">
      <testsuite name="App\Tests\Controller\LibraryControllerTest" file="/home/anbl/dbwebb-kurser/mvc/me/report/tests/Controller/LibraryControllerTest.php" tests="7" assertions="27" errors="0" warnings="0" failures="0" skipped="0" time="0.027958">
        <testcase name="testIndex" class="App\Tests\Controller\LibraryControllerTest" classname="App.Tests.Controller.LibraryControllerTest" file="/home/anbl/dbwebb-kurser/mvc/me/report/tests/Controller/LibraryControllerTest.php" line="22" assertions="2" time="0.013707"/>
        <testcase name="testCreateBook" class="App\Tests\Controller\LibraryControllerTest" classname="App.Tests.Controller.LibraryControllerTest" file="/home/anbl/dbwebb-kurser/mvc/me/report/tests/Controller/LibraryControllerTest.php" line="40" assertions="5" time="0.008213"/>
        <testcase name="testReadOne" class="App\Tests\Controller\LibraryControllerTest" classname="App.Tests.Controller.LibraryControllerTest" file="/home/anbl/dbwebb-kurser/mvc/me/report/tests/Controller/LibraryControllerTest.php" line="87" assertions="4" time="0.002970"/>
        <testcase name="testReadOneThrowsNotFoundException" class="App\Tests\Controller\LibraryControllerTest" classname="App.Tests.Controller.LibraryControllerTest" file="/home/anbl/dbwebb-kurser/mvc/me/report/tests/Controller/LibraryControllerTest.php" line="119" assertions="4" time="0.000898"/>
        <testcase name="testReadMany" class="App\Tests\Controller\LibraryControllerTest" classname="App.Tests.Controller.LibraryControllerTest" file="/home/anbl/dbwebb-kurser/mvc/me/report/tests/Controller/LibraryControllerTest.php" line="146" assertions="4" time="0.000674"/>
        <testcase name="testDelete" class="App\Tests\Controller\LibraryControllerTest" classname="App.Tests.Controller.LibraryControllerTest" file="/home/anbl/dbwebb-kurser/mvc/me/report/tests/Controller/LibraryControllerTest.php" line="176" assertions="4" time="0.000778"/>
        <testcase name="testUpdate" class="App\Tests\Controller\LibraryControllerTest" classname="App.Tests.Controller.LibraryControllerTest" file="/home/anbl/dbwebb-kurser/mvc/me/report/tests/Controller/LibraryControllerTest.php" line="199" assertions="4" time="0.000717"/>
      </testsuite>
    </testsuite>
    <testsuite name="CardTestsuite" tests="66" assertions="121" errors="0" warnings="0" failures="0" skipped="0" time="0.062055">
      <testsuite name="Tests\App\Card\CardHandTest" file="/home/anbl/dbwebb-kurser/mvc/me/report/tests/Card/CardHandTest.php" tests="8" assertions="15" errors="0" warnings="0" failures="0" skipped="0" time="0.004543">
        <testcase name="testCardHandConstructor" class="Tests\App\Card\CardHandTest" classname="Tests.App.Card.CardHandTest" file="/home/anbl/dbwebb-kurser/mvc/me/report/tests/Card/CardHandTest.php" line="25" assertions="1" time="0.000706"/>
        <testcase name="testGetCards" class="Tests\App\Card\CardHandTest" classname="Tests.App.Card.CardHandTest" file="/home/anbl/dbwebb-kurser/mvc/me/report/tests/Card/CardHandTest.php" line="30" assertions="3" time="0.000522"/>
        <testcase name="testAddCard" class="Tests\App\Card\CardHandTest" classname="Tests.App.Card.CardHandTest" file="/home/anbl/dbwebb-kurser/mvc/me/report/tests/Card/CardHandTest.php" line="37" assertions="2" time="0.000404"/>
        <testcase name="testGetCardsAsString" class="Tests\App\Card\CardHandTest" classname="Tests.App.Card.CardHandTest" file="/home/anbl/dbwebb-kurser/mvc/me/report/tests/Card/CardHandTest.php" line="45" assertions="2" time="0.000713"/>
        <testcase name="testHasAce" class="Tests\App\Card\CardHandTest" classname="Tests.App.Card.CardHandTest" file="/home/anbl/dbwebb-kurser/mvc/me/report/tests/Card/CardHandTest.php" line="51" assertions="2" time="0.000557"/>
        <testcase name="testGetScore" class="Tests\App\Card\CardHandTest" classname="Tests.App.Card.CardHandTest" file="/home/anbl/dbwebb-kurser/mvc/me/report/tests/Card/CardHandTest.php" line="68" assertions="1" time="0.000582"/>
        <testcase name="testIsGameOver" class="Tests\App\Card\CardHandTest" classname="Tests.App.Card.CardHandTest" file="/home/anbl/dbwebb-kurser/mvc/me/report/tests/Card/CardHandTest.php" line="90" assertions="2" time="0.000523"/>
        <testcase name="testIsGameOverMoreThan21" class="Tests\App\Card\CardHandTest" classname="Tests.App.Card.CardHandTest" file="/home/anbl/dbwebb-kurser/mvc/me/report/tests/Card/CardHandTest.php" line="102" assertions="2" time="0.000537"/>
      </testsuite>
      <testsuite name="App\Card\CardTest" file="/home/anbl/dbwebb-kurser/mvc/me/report/tests/Card/CardTest.php" tests="5" assertions="5" errors="0" warnings="0" failures="0" skipped="0" time="0.001347">
        <testcase name="testGetValue" class="App\Card\CardTest" classname="App.Card.CardTest" file="/home/anbl/dbwebb-kurser/mvc/me/report/tests/Card/CardTest.php" line="20" assertions="1" time="0.000289"/>
        <testcase name="testGetFamily" class="App\Card\CardTest" classname="App.Card.CardTest" file="/home/anbl/dbwebb-kurser/mvc/me/report/tests/Card/CardTest.php" line="25" assertions="1" time="0.000254"/>
        <testcase name="testGetAsString" class="App\Card\CardTest" classname="App.Card.CardTest" file="/home/anbl/dbwebb-kurser/mvc/me/report/tests/Card/CardTest.php" line="30" assertions="1" time="0.000257"/>
        <testcase name="testGetSymbol" class="App\Card\CardTest" classname="App.Card.CardTest" file="/home/anbl/dbwebb-kurser/mvc/me/report/tests/Card/CardTest.php" line="35" assertions="1" time="0.000282"/>
        <testcase name="testCreateEmptyCard" class="App\Card\CardTest" classname="App.Card.CardTest" file="/home/anbl/dbwebb-kurser/mvc/me/report/tests/Card/CardTest.php" line="40" assertions="1" time="0.000266"/>
      </testsuite>
      <testsuite name="App\Card\DeckOfCardsTest" file="/home/anbl/dbwebb-kurser/mvc/me/report/tests/Card/DeckOfCardsTest.php" tests="8" assertions="14" errors="0" warnings="0" failures="0" skipped="0" time="0.011078">
        <testcase name="testDeckOfCardsCreation" class="App\Card\DeckOfCardsTest" classname="App.Card.DeckOfCardsTest" file="/home/anbl/dbwebb-kurser/mvc/me/report/tests/Card/DeckOfCardsTest.php" line="20" assertions="2" time="0.000379"/>
        <testcase name="testDrawCard" class="App\Card\DeckOfCardsTest" classname="App.Card.DeckOfCardsTest" file="/home/anbl/dbwebb-kurser/mvc/me/report/tests/Card/DeckOfCardsTest.php" line="26" assertions="3" time="0.000369"/>
        <testcase name="testDrawAllCards" class="App\Card\DeckOfCardsTest" classname="App.Card.DeckOfCardsTest" file="/home/anbl/dbwebb-kurser/mvc/me/report/tests/Card/DeckOfCardsTest.php" line="34" assertions="1" time="0.000546"/>
        <testcase name="testMixCards" class="App\Card\DeckOfCardsTest" classname="App.Card.DeckOfCardsTest" file="/home/anbl/dbwebb-kurser/mvc/me/report/tests/Card/DeckOfCardsTest.php" line="43" assertions="2" time="0.000373"/>
        <testcase name="testRemainingCards" class="App\Card\DeckOfCardsTest" classname="App.Card.DeckOfCardsTest" file="/home/anbl/dbwebb-kurser/mvc/me/report/tests/Card/DeckOfCardsTest.php" line="56" assertions="2" time="0.000409"/>
        <testcase name="testSortRemainingCards" class="App\Card\DeckOfCardsTest" classname="App.Card.DeckOfCardsTest" file="/home/anbl/dbwebb-kurser/mvc/me/report/tests/Card/DeckOfCardsTest.php" line="66" assertions="1" time="0.004840"/>
        <testcase name="testMixCardsDiffer" class="App\Card\DeckOfCardsTest" classname="App.Card.DeckOfCardsTest" file="/home/anbl/dbwebb-kurser/mvc/me/report/tests/Card/DeckOfCardsTest.php" line="75" assertions="1" time="0.003720"/>
        <testcase name="testConstructorCreatesFullDeck" class="App\Card\DeckOfCardsTest" classname="App.Card.DeckOfCardsTest" file="/home/anbl/dbwebb-kurser/mvc/me/report/tests/Card/DeckOfCardsTest.php" line="86" assertions="2" time="0.000442"/>
      </testsuite>
      <testsuite name="App\Card\GameTest" file="/home/anbl/dbwebb-kurser/mvc/me/report/tests/Card/GameTest.php" tests="18" assertions="43" errors="0" warnings="0" failures="0" skipped="0" time="0.015261">
        <testcase name="testStartNewRound" class="App\Card\GameTest" classname="App.Card.GameTest" file="/home/anbl/dbwebb-kurser/mvc/me/report/tests/Card/GameTest.php" line="22" assertions="2" time="0.000900"/>
        <testcase name="testGetPlayer" class="App\Card\GameTest" classname="App.Card.GameTest" file="/home/anbl/dbwebb-kurser/mvc/me/report/tests/Card/GameTest.php" line="32" assertions="1" time="0.000624"/>
        <testcase name="testGetBank" class="App\Card\GameTest" classname="App.Card.GameTest" file="/home/anbl/dbwebb-kurser/mvc/me/report/tests/Card/GameTest.php" line="38" assertions="1" time="0.000611"/>
        <testcase name="testGetDeck" class="App\Card\GameTest" classname="App.Card.GameTest" file="/home/anbl/dbwebb-kurser/mvc/me/report/tests/Card/GameTest.php" line="44" assertions="1" time="0.000608"/>
        <testcase name="testIsBankTurn" class="App\Card\GameTest" classname="App.Card.GameTest" file="/home/anbl/dbwebb-kurser/mvc/me/report/tests/Card/GameTest.php" line="50" assertions="1" time="0.000476"/>
        <testcase name="testResetHard" class="App\Card\GameTest" classname="App.Card.GameTest" file="/home/anbl/dbwebb-kurser/mvc/me/report/tests/Card/GameTest.php" line="56" assertions="1" time="0.000689"/>
        <testcase name="testPlayerHitScore" class="App\Card\GameTest" classname="App.Card.GameTest" file="/home/anbl/dbwebb-kurser/mvc/me/report/tests/Card/GameTest.php" line="68" assertions="1" time="0.000484"/>
        <testcase name="testBankHitScore" class="App\Card\GameTest" classname="App.Card.GameTest" file="/home/anbl/dbwebb-kurser/mvc/me/report/tests/Card/GameTest.php" line="78" assertions="1" time="0.000624"/>
        <testcase name="testBankHitScorePartDeux" class="App\Card\GameTest" classname="App.Card.GameTest" file="/home/anbl/dbwebb-kurser/mvc/me/report/tests/Card/GameTest.php" line="95" assertions="1" time="0.001006"/>
        <testcase name="testBankHitScoreLowScore" class="App\Card\GameTest" classname="App.Card.GameTest" file="/home/anbl/dbwebb-kurser/mvc/me/report/tests/Card/GameTest.php" line="111" assertions="1" time="0.000805"/>
        <testcase name="testCheckGameOver" class="App\Card\GameTest" classname="App.Card.GameTest" file="/home/anbl/dbwebb-kurser/mvc/me/report/tests/Card/GameTest.php" line="126" assertions="1" time="0.001555"/>
        <testcase name="testCheckGameOverNoCards" class="App\Card\GameTest" classname="App.Card.GameTest" file="/home/anbl/dbwebb-kurser/mvc/me/report/tests/Card/GameTest.php" line="141" assertions="1" time="0.001217"/>
        <testcase name="testCheckGameOverFalse" class="App\Card\GameTest" classname="App.Card.GameTest" file="/home/anbl/dbwebb-kurser/mvc/me/report/tests/Card/GameTest.php" line="159" assertions="1" time="0.000611"/>
        <testcase name="testGetMessage" class="App\Card\GameTest" classname="App.Card.GameTest" file="/home/anbl/dbwebb-kurser/mvc/me/report/tests/Card/GameTest.php" line="173" assertions="1" time="0.000766"/>
        <testcase name="testStand" class="App\Card\GameTest" classname="App.Card.GameTest" file="/home/anbl/dbwebb-kurser/mvc/me/report/tests/Card/GameTest.php" line="180" assertions="1" time="0.000553"/>
        <testcase name="testResetBets" class="App\Card\GameTest" classname="App.Card.GameTest" file="/home/anbl/dbwebb-kurser/mvc/me/report/tests/Card/GameTest.php" line="186" assertions="2" time="0.000560"/>
        <testcase name="testGetData" class="App\Card\GameTest" classname="App.Card.GameTest" file="/home/anbl/dbwebb-kurser/mvc/me/report/tests/Card/GameTest.php" line="193" assertions="12" time="0.000669"/>
        <testcase name="testEndOfRound" class="App\Card\GameTest" classname="App.Card.GameTest" file="/home/anbl/dbwebb-kurser/mvc/me/report/tests/Card/GameTest.php" line="212" assertions="13" time="0.002505"/>
      </testsuite>
      <testsuite name="App\Card\PlayerTest" file="/home/anbl/dbwebb-kurser/mvc/me/report/tests/Card/PlayerTest.php" tests="18" assertions="25" errors="0" warnings="0" failures="0" skipped="0" time="0.016433">
        <testcase name="testInitWithBet" class="App\Card\PlayerTest" classname="App.Card.PlayerTest" file="/home/anbl/dbwebb-kurser/mvc/me/report/tests/Card/PlayerTest.php" line="27" assertions="2" time="0.000479"/>
        <testcase name="testInitWithoutBet" class="App\Card\PlayerTest" classname="App.Card.PlayerTest" file="/home/anbl/dbwebb-kurser/mvc/me/report/tests/Card/PlayerTest.php" line="33" assertions="2" time="0.000467"/>
        <testcase name="testInitialMoney" class="App\Card\PlayerTest" classname="App.Card.PlayerTest" file="/home/anbl/dbwebb-kurser/mvc/me/report/tests/Card/PlayerTest.php" line="41" assertions="1" time="0.000411"/>
        <testcase name="testGetName" class="App\Card\PlayerTest" classname="App.Card.PlayerTest" file="/home/anbl/dbwebb-kurser/mvc/me/report/tests/Card/PlayerTest.php" line="46" assertions="1" time="0.000413"/>
        <testcase name="testGetEndCond" class="App\Card\PlayerTest" classname="App.Card.PlayerTest" file="/home/anbl/dbwebb-kurser/mvc/me/report/tests/Card/PlayerTest.php" line="51" assertions="2" time="0.000437"/>
        <testcase name="testGetType" class="App\Card\PlayerTest" classname="App.Card.PlayerTest" file="/home/anbl/dbwebb-kurser/mvc/me/report/tests/Card/PlayerTest.php" line="57" assertions="1" time="0.000429"/>
        <testcase name="testGetHand" class="App\Card\PlayerTest" classname="App.Card.PlayerTest" file="/home/anbl/dbwebb-kurser/mvc/me/report/tests/Card/PlayerTest.php" line="62" assertions="1" time="0.000460"/>
        <testcase name="testGetScore" class="App\Card\PlayerTest" classname="App.Card.PlayerTest" file="/home/anbl/dbwebb-kurser/mvc/me/report/tests/Card/PlayerTest.php" line="67" assertions="1" time="0.000450"/>
        <testcase name="testResetHand" class="App\Card\PlayerTest" classname="App.Card.PlayerTest" file="/home/anbl/dbwebb-kurser/mvc/me/report/tests/Card/PlayerTest.php" line="72" assertions="1" time="0.000740"/>
        <testcase name="testHit" class="App\Card\PlayerTest" classname="App.Card.PlayerTest" file="/home/anbl/dbwebb-kurser/mvc/me/report/tests/Card/PlayerTest.php" line="81" assertions="1" time="0.000585"/>
        <testcase name="testGetMoney" class="App\Card\PlayerTest" classname="App.Card.PlayerTest" file="/home/anbl/dbwebb-kurser/mvc/me/report/tests/Card/PlayerTest.php" line="90" assertions="1" time="0.000457"/>
        <testcase name="testAddMoney" class="App\Card\PlayerTest" classname="App.Card.PlayerTest" file="/home/anbl/dbwebb-kurser/mvc/me/report/tests/Card/PlayerTest.php" line="96" assertions="1" time="0.000424"/>
        <testcase name="testPayMoney" class="App\Card\PlayerTest" classname="App.Card.PlayerTest" file="/home/anbl/dbwebb-kurser/mvc/me/report/tests/Card/PlayerTest.php" line="102" assertions="1" time="0.000425"/>
        <testcase name="testNewBetForBank" class="App\Card\PlayerTest" classname="App.Card.PlayerTest" file="/home/anbl/dbwebb-kurser/mvc/me/report/tests/Card/PlayerTest.php" line="108" assertions="4" time="0.000719"/>
        <testcase name="testSetCurrentBet" class="App\Card\PlayerTest" classname="App.Card.PlayerTest" file="/home/anbl/dbwebb-kurser/mvc/me/report/tests/Card/PlayerTest.php" line="124" assertions="2" time="0.000437"/>
        <testcase name="testGetCurrentBet" class="App\Card\PlayerTest" classname="App.Card.PlayerTest" file="/home/anbl/dbwebb-kurser/mvc/me/report/tests/Card/PlayerTest.php" line="131" assertions="1" time="0.000438"/>
        <testcase name="testHitException" class="App\Card\PlayerTest" classname="App.Card.PlayerTest" file="/home/anbl/dbwebb-kurser/mvc/me/report/tests/Card/PlayerTest.php" line="137" assertions="1" time="0.000745"/>
        <testcase name="testHitTrue" class="App\Card\PlayerTest" classname="App.Card.PlayerTest" file="/home/anbl/dbwebb-kurser/mvc/me/report/tests/Card/PlayerTest.php" line="151" assertions="1" time="0.007918"/>
      </testsuite>
      <testsuite name="App\Card\RulesTest" file="/home/anbl/dbwebb-kurser/mvc/me/report/tests/Card/RulesTest.php" tests="9" assertions="19" errors="0" warnings="0" failures="0" skipped="0" time="0.013392">
        <testcase name="testDetermineWinnerPlayerWins" class="App\Card\RulesTest" classname="App.Card.RulesTest" file="/home/anbl/dbwebb-kurser/mvc/me/report/tests/Card/RulesTest.php" line="27" assertions="3" time="0.003285"/>
        <testcase name="testDetermineWinnerBankWinsPlayerIsFat" class="App\Card\RulesTest" classname="App.Card.RulesTest" file="/home/anbl/dbwebb-kurser/mvc/me/report/tests/Card/RulesTest.php" line="44" assertions="3" time="0.000648"/>
        <testcase name="testDetermineWinnerPlayerWinsBankIsFat" class="App\Card\RulesTest" classname="App.Card.RulesTest" file="/home/anbl/dbwebb-kurser/mvc/me/report/tests/Card/RulesTest.php" line="61" assertions="3" time="0.001544"/>
        <testcase name="testDetermineWinnerBankWinsOnScore" class="App\Card\RulesTest" classname="App.Card.RulesTest" file="/home/anbl/dbwebb-kurser/mvc/me/report/tests/Card/RulesTest.php" line="78" assertions="3" time="0.001109"/>
        <testcase name="testDetermineWinnerGameTies" class="App\Card\RulesTest" classname="App.Card.RulesTest" file="/home/anbl/dbwebb-kurser/mvc/me/report/tests/Card/RulesTest.php" line="95" assertions="3" time="0.004249"/>
        <testcase name="testPayoutPlayerWins" class="App\Card\RulesTest" classname="App.Card.RulesTest" file="/home/anbl/dbwebb-kurser/mvc/me/report/tests/Card/RulesTest.php" line="112" assertions="1" time="0.000606"/>
        <testcase name="testPayoutBankWinsAndPlayerRunsOutOfMoney" class="App\Card\RulesTest" classname="App.Card.RulesTest" file="/home/anbl/dbwebb-kurser/mvc/me/report/tests/Card/RulesTest.php" line="127" assertions="1" time="0.000634"/>
        <testcase name="testEndOfGameNotReached" class="App\Card\RulesTest" classname="App.Card.RulesTest" file="/home/anbl/dbwebb-kurser/mvc/me/report/tests/Card/RulesTest.php" line="142" assertions="1" time="0.000604"/>
        <testcase name="testEndOfGame" class="App\Card\RulesTest" classname="App.Card.RulesTest" file="/home/anbl/dbwebb-kurser/mvc/me/report/tests/Card/RulesTest.php" line="149" assertions="1" time="0.000714"/>
      </testsuite>
    </testsuite>
    <testsuite name="ProjTestsuite" tests="79" assertions="292" errors="0" warnings="0" failures="0" skipped="0" time="0.060797">
      <testsuite name="Tests\App\Proj\ActionTypeTest" file="/home/anbl/dbwebb-kurser/mvc/me/report/tests/Proj/ActionTypeTest.php" tests="1" assertions="7" errors="0" warnings="0" failures="0" skipped="0" time="0.014691">
        <testcase name="testSubmitValidData" class="Tests\App\Proj\ActionTypeTest" classname="Tests.App.Proj.ActionTypeTest" file="/home/anbl/dbwebb-kurser/mvc/me/report/tests/Proj/ActionTypeTest.php" line="11" assertions="7" time="0.014691"/>
      </testsuite>
      <testsuite name="Tests\App\Proj\BookTypeTest" file="/home/anbl/dbwebb-kurser/mvc/me/report/tests/Proj/BookTypeTest.php" tests="1" assertions="6" errors="0" warnings="0" failures="0" skipped="0" time="0.001993">
        <testcase name="testSubmitValidData" class="Tests\App\Proj\BookTypeTest" classname="Tests.App.Proj.BookTypeTest" file="/home/anbl/dbwebb-kurser/mvc/me/report/tests/Proj/BookTypeTest.php" line="11" assertions="6" time="0.001993"/>
      </testsuite>
      <testsuite name="Tests\App\Proj\EventByObjectFormTest" file="/home/anbl/dbwebb-kurser/mvc/me/report/tests/Proj/EventByObjectTypeTest.php" tests="1" assertions="10" errors="0" warnings="0" failures="0" skipped="0" time="0.003595">
        <testcase name="testSubmitValidData" class="Tests\App\Proj\EventByObjectFormTest" classname="Tests.App.Proj.EventByObjectFormTest" file="/home/anbl/dbwebb-kurser/mvc/me/report/tests/Proj/EventByObjectTypeTest.php" line="11" assertions="10" time="0.003595"/>
      </testsuite>
      <testsuite name="Tests\App\Proj\EventTest" file="/home/anbl/dbwebb-kurser/mvc/me/report/tests/Proj/EventTest.php" tests="11" assertions="22" errors="0" warnings="0" failures="0" skipped="0" time="0.003470">
        <testcase name="testGetText" class="Tests\App\Proj\EventTest" classname="Tests.App.Proj.EventTest" file="/home/anbl/dbwebb-kurser/mvc/me/report/tests/Proj/EventTest.php" line="24" assertions="2" time="0.000518"/>
        <testcase name="testSetText" class="Tests\App\Proj\EventTest" classname="Tests.App.Proj.EventTest" file="/home/anbl/dbwebb-kurser/mvc/me/report/tests/Proj/EventTest.php" line="31" assertions="2" time="0.000307"/>
        <testcase name="testGetName" class="Tests\App\Proj\EventTest" classname="Tests.App.Proj.EventTest" file="/home/anbl/dbwebb-kurser/mvc/me/report/tests/Proj/EventTest.php" line="39" assertions="2" time="0.000287"/>
        <testcase name="testSetName" class="Tests\App\Proj\EventTest" classname="Tests.App.Proj.EventTest" file="/home/anbl/dbwebb-kurser/mvc/me/report/tests/Proj/EventTest.php" line="46" assertions="2" time="0.000314"/>
        <testcase name="testGetEventId" class="Tests\App\Proj\EventTest" classname="Tests.App.Proj.EventTest" file="/home/anbl/dbwebb-kurser/mvc/me/report/tests/Proj/EventTest.php" line="54" assertions="2" time="0.000279"/>
        <testcase name="testSetEventId" class="Tests\App\Proj\EventTest" classname="Tests.App.Proj.EventTest" file="/home/anbl/dbwebb-kurser/mvc/me/report/tests/Proj/EventTest.php" line="61" assertions="2" time="0.000292"/>
        <testcase name="testGetActions" class="Tests\App\Proj\EventTest" classname="Tests.App.Proj.EventTest" file="/home/anbl/dbwebb-kurser/mvc/me/report/tests/Proj/EventTest.php" line="69" assertions="2" time="0.000309"/>
        <testcase name="testSetActions" class="Tests\App\Proj\EventTest" classname="Tests.App.Proj.EventTest" file="/home/anbl/dbwebb-kurser/mvc/me/report/tests/Proj/EventTest.php" line="76" assertions="2" time="0.000289"/>
        <testcase name="testAddAction" class="Tests\App\Proj\EventTest" classname="Tests.App.Proj.EventTest" file="/home/anbl/dbwebb-kurser/mvc/me/report/tests/Proj/EventTest.php" line="84" assertions="2" time="0.000282"/>
        <testcase name="testGetLocation" class="Tests\App\Proj\EventTest" classname="Tests.App.Proj.EventTest" file="/home/anbl/dbwebb-kurser/mvc/me/report/tests/Proj/EventTest.php" line="93" assertions="2" time="0.000285"/>
        <testcase name="testSetLocation" class="Tests\App\Proj\EventTest" classname="Tests.App.Proj.EventTest" file="/home/anbl/dbwebb-kurser/mvc/me/report/tests/Proj/EventTest.php" line="100" assertions="2" time="0.000309"/>
      </testsuite>
      <testsuite name="Tests\App\Proj\EventTypeTest" file="/home/anbl/dbwebb-kurser/mvc/me/report/tests/Proj/EventTypeTest.php" tests="1" assertions="4" errors="0" warnings="0" failures="0" skipped="0" time="0.001668">
        <testcase name="testSubmitValidData" class="Tests\App\Proj\EventTypeTest" classname="Tests.App.Proj.EventTypeTest" file="/home/anbl/dbwebb-kurser/mvc/me/report/tests/Proj/EventTypeTest.php" line="11" assertions="4" time="0.001668"/>
      </testsuite>
      <testsuite name="Tests\App\Proj\GameObjectTest" file="/home/anbl/dbwebb-kurser/mvc/me/report/tests/Proj/GameObjectTest.php" tests="26" assertions="132" errors="0" warnings="0" failures="0" skipped="0" time="0.011122">
        <testcase name="testGetEffect" class="Tests\App\Proj\GameObjectTest" classname="Tests.App.Proj.GameObjectTest" file="/home/anbl/dbwebb-kurser/mvc/me/report/tests/Proj/GameObjectTest.php" line="51" assertions="5" time="0.000533"/>
        <testcase name="testSetEffect" class="Tests\App\Proj\GameObjectTest" classname="Tests.App.Proj.GameObjectTest" file="/home/anbl/dbwebb-kurser/mvc/me/report/tests/Proj/GameObjectTest.php" line="59" assertions="5" time="0.000296"/>
        <testcase name="testGetImage" class="Tests\App\Proj\GameObjectTest" classname="Tests.App.Proj.GameObjectTest" file="/home/anbl/dbwebb-kurser/mvc/me/report/tests/Proj/GameObjectTest.php" line="67" assertions="5" time="0.000317"/>
        <testcase name="testSetImage" class="Tests\App\Proj\GameObjectTest" classname="Tests.App.Proj.GameObjectTest" file="/home/anbl/dbwebb-kurser/mvc/me/report/tests/Proj/GameObjectTest.php" line="75" assertions="5" time="0.000347"/>
        <testcase name="testGetImage2" class="Tests\App\Proj\GameObjectTest" classname="Tests.App.Proj.GameObjectTest" file="/home/anbl/dbwebb-kurser/mvc/me/report/tests/Proj/GameObjectTest.php" line="83" assertions="5" time="0.000313"/>
        <testcase name="testSetImage2" class="Tests\App\Proj\GameObjectTest" classname="Tests.App.Proj.GameObjectTest" file="/home/anbl/dbwebb-kurser/mvc/me/report/tests/Proj/GameObjectTest.php" line="91" assertions="5" time="0.000580"/>
        <testcase name="testGetName" class="Tests\App\Proj\GameObjectTest" classname="Tests.App.Proj.GameObjectTest" file="/home/anbl/dbwebb-kurser/mvc/me/report/tests/Proj/GameObjectTest.php" line="99" assertions="5" time="0.000496"/>
        <testcase name="testSetName" class="Tests\App\Proj\GameObjectTest" classname="Tests.App.Proj.GameObjectTest" file="/home/anbl/dbwebb-kurser/mvc/me/report/tests/Proj/GameObjectTest.php" line="107" assertions="5" time="0.000503"/>
        <testcase name="testSetPositionX" class="Tests\App\Proj\GameObjectTest" classname="Tests.App.Proj.GameObjectTest" file="/home/anbl/dbwebb-kurser/mvc/me/report/tests/Proj/GameObjectTest.php" line="115" assertions="5" time="0.000499"/>
        <testcase name="testGetPositionX" class="Tests\App\Proj\GameObjectTest" classname="Tests.App.Proj.GameObjectTest" file="/home/anbl/dbwebb-kurser/mvc/me/report/tests/Proj/GameObjectTest.php" line="123" assertions="5" time="0.000533"/>
        <testcase name="testSetPositionY" class="Tests\App\Proj\GameObjectTest" classname="Tests.App.Proj.GameObjectTest" file="/home/anbl/dbwebb-kurser/mvc/me/report/tests/Proj/GameObjectTest.php" line="131" assertions="5" time="0.000522"/>
        <testcase name="testGetPositionY" class="Tests\App\Proj\GameObjectTest" classname="Tests.App.Proj.GameObjectTest" file="/home/anbl/dbwebb-kurser/mvc/me/report/tests/Proj/GameObjectTest.php" line="139" assertions="5" time="0.000503"/>
        <testcase name="testSetPositionZ" class="Tests\App\Proj\GameObjectTest" classname="Tests.App.Proj.GameObjectTest" file="/home/anbl/dbwebb-kurser/mvc/me/report/tests/Proj/GameObjectTest.php" line="147" assertions="5" time="0.000480"/>
        <testcase name="testGetPositionZ" class="Tests\App\Proj\GameObjectTest" classname="Tests.App.Proj.GameObjectTest" file="/home/anbl/dbwebb-kurser/mvc/me/report/tests/Proj/GameObjectTest.php" line="154" assertions="5" time="0.000485"/>
        <testcase name="testGetHeight" class="Tests\App\Proj\GameObjectTest" classname="Tests.App.Proj.GameObjectTest" file="/home/anbl/dbwebb-kurser/mvc/me/report/tests/Proj/GameObjectTest.php" line="161" assertions="5" time="0.000513"/>
        <testcase name="testSetHeight" class="Tests\App\Proj\GameObjectTest" classname="Tests.App.Proj.GameObjectTest" file="/home/anbl/dbwebb-kurser/mvc/me/report/tests/Proj/GameObjectTest.php" line="169" assertions="5" time="0.000495"/>
        <testcase name="testGetWidth" class="Tests\App\Proj\GameObjectTest" classname="Tests.App.Proj.GameObjectTest" file="/home/anbl/dbwebb-kurser/mvc/me/report/tests/Proj/GameObjectTest.php" line="177" assertions="5" time="0.000479"/>
        <testcase name="testSetWidth" class="Tests\App\Proj\GameObjectTest" classname="Tests.App.Proj.GameObjectTest" file="/home/anbl/dbwebb-kurser/mvc/me/report/tests/Proj/GameObjectTest.php" line="185" assertions="5" time="0.000485"/>
        <testcase name="testIsClickable" class="Tests\App\Proj\GameObjectTest" classname="Tests.App.Proj.GameObjectTest" file="/home/anbl/dbwebb-kurser/mvc/me/report/tests/Proj/GameObjectTest.php" line="193" assertions="5" time="0.000357"/>
        <testcase name="testSetClickable" class="Tests\App\Proj\GameObjectTest" classname="Tests.App.Proj.GameObjectTest" file="/home/anbl/dbwebb-kurser/mvc/me/report/tests/Proj/GameObjectTest.php" line="201" assertions="5" time="0.000328"/>
        <testcase name="testHasClickOptions" class="Tests\App\Proj\GameObjectTest" classname="Tests.App.Proj.GameObjectTest" file="/home/anbl/dbwebb-kurser/mvc/me/report/tests/Proj/GameObjectTest.php" line="209" assertions="6" time="0.000355"/>
        <testcase name="testOnClick" class="Tests\App\Proj\GameObjectTest" classname="Tests.App.Proj.GameObjectTest" file="/home/anbl/dbwebb-kurser/mvc/me/report/tests/Proj/GameObjectTest.php" line="218" assertions="6" time="0.000366"/>
        <testcase name="testGetOptions" class="Tests\App\Proj\GameObjectTest" classname="Tests.App.Proj.GameObjectTest" file="/home/anbl/dbwebb-kurser/mvc/me/report/tests/Proj/GameObjectTest.php" line="238" assertions="5" time="0.000333"/>
        <testcase name="testGetEventByOptionWithExistingOption" class="Tests\App\Proj\GameObjectTest" classname="Tests.App.Proj.GameObjectTest" file="/home/anbl/dbwebb-kurser/mvc/me/report/tests/Proj/GameObjectTest.php" line="258" assertions="5" time="0.000334"/>
        <testcase name="testGetEventByOptionWithNonExistingOption" class="Tests\App\Proj\GameObjectTest" classname="Tests.App.Proj.GameObjectTest" file="/home/anbl/dbwebb-kurser/mvc/me/report/tests/Proj/GameObjectTest.php" line="280" assertions="5" time="0.000317"/>
        <testcase name="testAddOption" class="Tests\App\Proj\GameObjectTest" classname="Tests.App.Proj.GameObjectTest" file="/home/anbl/dbwebb-kurser/mvc/me/report/tests/Proj/GameObjectTest.php" line="302" assertions="5" time="0.000354"/>
      </testsuite>
      <testsuite name="Tests\App\Proj\GameObjectTypeTest" file="/home/anbl/dbwebb-kurser/mvc/me/report/tests/Proj/GameObjectTypeTest.php" tests="3" assertions="10" errors="0" warnings="0" failures="0" skipped="0" time="0.004328">
        <testcase name="testSubmitValidData" class="Tests\App\Proj\GameObjectTypeTest" classname="Tests.App.Proj.GameObjectTypeTest" file="/home/anbl/dbwebb-kurser/mvc/me/report/tests/Proj/GameObjectTypeTest.php" line="11" assertions="8" time="0.002705"/>
        <testcase name="testReverseTransform" class="Tests\App\Proj\GameObjectTypeTest" classname="Tests.App.Proj.GameObjectTypeTest" file="/home/anbl/dbwebb-kurser/mvc/me/report/tests/Proj/GameObjectTypeTest.php" line="38" assertions="1" time="0.000928"/>
        <testcase name="testTransform" class="Tests\App\Proj\GameObjectTypeTest" classname="Tests.App.Proj.GameObjectTypeTest" file="/home/anbl/dbwebb-kurser/mvc/me/report/tests/Proj/GameObjectTypeTest.php" line="45" assertions="1" time="0.000695"/>
      </testsuite>
      <testsuite name="Tests\App\Proj\GameTest" file="/home/anbl/dbwebb-kurser/mvc/me/report/tests/Proj/GameTest.php" tests="6" assertions="22" errors="0" warnings="0" failures="0" skipped="0" time="0.002913">
        <testcase name="testGetCurrentRoom" class="Tests\App\Proj\GameTest" classname="Tests.App.Proj.GameTest" file="/home/anbl/dbwebb-kurser/mvc/me/report/tests/Proj/GameTest.php" line="47" assertions="4" time="0.001096"/>
        <testcase name="testGetGameState" class="Tests\App\Proj\GameTest" classname="Tests.App.Proj.GameTest" file="/home/anbl/dbwebb-kurser/mvc/me/report/tests/Proj/GameTest.php" line="54" assertions="3" time="0.000465"/>
        <testcase name="testGetGameId" class="Tests\App\Proj\GameTest" classname="Tests.App.Proj.GameTest" file="/home/anbl/dbwebb-kurser/mvc/me/report/tests/Proj/GameTest.php" line="61" assertions="3" time="0.000340"/>
        <testcase name="testGetRooms" class="Tests\App\Proj\GameTest" classname="Tests.App.Proj.GameTest" file="/home/anbl/dbwebb-kurser/mvc/me/report/tests/Proj/GameTest.php" line="67" assertions="4" time="0.000340"/>
        <testcase name="testGetPlayer" class="Tests\App\Proj\GameTest" classname="Tests.App.Proj.GameTest" file="/home/anbl/dbwebb-kurser/mvc/me/report/tests/Proj/GameTest.php" line="78" assertions="4" time="0.000331"/>
        <testcase name="testMapStartingRoom" class="Tests\App\Proj\GameTest" classname="Tests.App.Proj.GameTest" file="/home/anbl/dbwebb-kurser/mvc/me/report/tests/Proj/GameTest.php" line="89" assertions="4" time="0.000342"/>
      </testsuite>
      <testsuite name="Tests\App\Proj\GameTypeTest" file="/home/anbl/dbwebb-kurser/mvc/me/report/tests/Proj/GameTypeTest.php" tests="1" assertions="6" errors="0" warnings="0" failures="0" skipped="0" time="0.002357">
        <testcase name="testSubmitValidData" class="Tests\App\Proj\GameTypeTest" classname="Tests.App.Proj.GameTypeTest" file="/home/anbl/dbwebb-kurser/mvc/me/report/tests/Proj/GameTypeTest.php" line="11" assertions="6" time="0.002357"/>
      </testsuite>
      <testsuite name="Tests\App\Proj\ObjectByRoomTypeTest" file="/home/anbl/dbwebb-kurser/mvc/me/report/tests/Proj/ObjectByRoomTypeTest.php" tests="1" assertions="10" errors="0" warnings="0" failures="0" skipped="0" time="0.003724">
        <testcase name="testSubmitValidData" class="Tests\App\Proj\ObjectByRoomTypeTest" classname="Tests.App.Proj.ObjectByRoomTypeTest" file="/home/anbl/dbwebb-kurser/mvc/me/report/tests/Proj/ObjectByRoomTypeTest.php" line="11" assertions="10" time="0.003724"/>
      </testsuite>
      <testsuite name="Tests\App\Proj\PlayerTest" file="/home/anbl/dbwebb-kurser/mvc/me/report/tests/Proj/PlayerTest.php" tests="8" assertions="12" errors="0" warnings="0" failures="0" skipped="0" time="0.002786">
        <testcase name="testGetAvatar" class="Tests\App\Proj\PlayerTest" classname="Tests.App.Proj.PlayerTest" file="/home/anbl/dbwebb-kurser/mvc/me/report/tests/Proj/PlayerTest.php" line="23" assertions="1" time="0.000366"/>
        <testcase name="testGetName" class="Tests\App\Proj\PlayerTest" classname="Tests.App.Proj.PlayerTest" file="/home/anbl/dbwebb-kurser/mvc/me/report/tests/Proj/PlayerTest.php" line="29" assertions="1" time="0.000299"/>
        <testcase name="testAddToInventory" class="Tests\App\Proj\PlayerTest" classname="Tests.App.Proj.PlayerTest" file="/home/anbl/dbwebb-kurser/mvc/me/report/tests/Proj/PlayerTest.php" line="35" assertions="2" time="0.000339"/>
        <testcase name="testRemoveFromInventory" class="Tests\App\Proj\PlayerTest" classname="Tests.App.Proj.PlayerTest" file="/home/anbl/dbwebb-kurser/mvc/me/report/tests/Proj/PlayerTest.php" line="45" assertions="2" time="0.000405"/>
        <testcase name="testGetInventory" class="Tests\App\Proj\PlayerTest" classname="Tests.App.Proj.PlayerTest" file="/home/anbl/dbwebb-kurser/mvc/me/report/tests/Proj/PlayerTest.php" line="64" assertions="2" time="0.000344"/>
        <testcase name="testGetInventoryNames" class="Tests\App\Proj\PlayerTest" classname="Tests.App.Proj.PlayerTest" file="/home/anbl/dbwebb-kurser/mvc/me/report/tests/Proj/PlayerTest.php" line="80" assertions="2" time="0.000371"/>
        <testcase name="testGetInventoryById" class="Tests\App\Proj\PlayerTest" classname="Tests.App.Proj.PlayerTest" file="/home/anbl/dbwebb-kurser/mvc/me/report/tests/Proj/PlayerTest.php" line="99" assertions="1" time="0.000324"/>
        <testcase name="testGetInventoryByIdNotFound" class="Tests\App\Proj\PlayerTest" classname="Tests.App.Proj.PlayerTest" file="/home/anbl/dbwebb-kurser/mvc/me/report/tests/Proj/PlayerTest.php" line="117" assertions="1" time="0.000337"/>
      </testsuite>
      <testsuite name="Tests\App\Proj\RoomTest" file="/home/anbl/dbwebb-kurser/mvc/me/report/tests/Proj/RoomTest.php" tests="18" assertions="46" errors="0" warnings="0" failures="0" skipped="0" time="0.006129">
        <testcase name="testGetName" class="Tests\App\Proj\RoomTest" classname="Tests.App.Proj.RoomTest" file="/home/anbl/dbwebb-kurser/mvc/me/report/tests/Proj/RoomTest.php" line="71" assertions="2" time="0.000304"/>
        <testcase name="testGetSequence" class="Tests\App\Proj\RoomTest" classname="Tests.App.Proj.RoomTest" file="/home/anbl/dbwebb-kurser/mvc/me/report/tests/Proj/RoomTest.php" line="79" assertions="2" time="0.000404"/>
        <testcase name="testGetId" class="Tests\App\Proj\RoomTest" classname="Tests.App.Proj.RoomTest" file="/home/anbl/dbwebb-kurser/mvc/me/report/tests/Proj/RoomTest.php" line="87" assertions="2" time="0.000321"/>
        <testcase name="testAddNeighbor" class="Tests\App\Proj\RoomTest" classname="Tests.App.Proj.RoomTest" file="/home/anbl/dbwebb-kurser/mvc/me/report/tests/Proj/RoomTest.php" line="95" assertions="3" time="0.000329"/>
        <testcase name="testGetNeighbors" class="Tests\App\Proj\RoomTest" classname="Tests.App.Proj.RoomTest" file="/home/anbl/dbwebb-kurser/mvc/me/report/tests/Proj/RoomTest.php" line="105" assertions="4" time="0.000322"/>
        <testcase name="testGetBackground" class="Tests\App\Proj\RoomTest" classname="Tests.App.Proj.RoomTest" file="/home/anbl/dbwebb-kurser/mvc/me/report/tests/Proj/RoomTest.php" line="116" assertions="2" time="0.000364"/>
        <testcase name="testAddGameObject" class="Tests\App\Proj\RoomTest" classname="Tests.App.Proj.RoomTest" file="/home/anbl/dbwebb-kurser/mvc/me/report/tests/Proj/RoomTest.php" line="124" assertions="3" time="0.000334"/>
        <testcase name="testRemoveGameObject" class="Tests\App\Proj\RoomTest" classname="Tests.App.Proj.RoomTest" file="/home/anbl/dbwebb-kurser/mvc/me/report/tests/Proj/RoomTest.php" line="134" assertions="4" time="0.000352"/>
        <testcase name="testSetBackground" class="Tests\App\Proj\RoomTest" classname="Tests.App.Proj.RoomTest" file="/home/anbl/dbwebb-kurser/mvc/me/report/tests/Proj/RoomTest.php" line="151" assertions="2" time="0.000303"/>
        <testcase name="testRemoveAllGameObjects" class="Tests\App\Proj\RoomTest" classname="Tests.App.Proj.RoomTest" file="/home/anbl/dbwebb-kurser/mvc/me/report/tests/Proj/RoomTest.php" line="160" assertions="2" time="0.000366"/>
        <testcase name="testGetGameObjects" class="Tests\App\Proj\RoomTest" classname="Tests.App.Proj.RoomTest" file="/home/anbl/dbwebb-kurser/mvc/me/report/tests/Proj/RoomTest.php" line="175" assertions="4" time="0.000384"/>
        <testcase name="testGetGameObjectNames" class="Tests\App\Proj\RoomTest" classname="Tests.App.Proj.RoomTest" file="/home/anbl/dbwebb-kurser/mvc/me/report/tests/Proj/RoomTest.php" line="189" assertions="4" time="0.000365"/>
        <testcase name="testGetGameObjectById" class="Tests\App\Proj\RoomTest" classname="Tests.App.Proj.RoomTest" file="/home/anbl/dbwebb-kurser/mvc/me/report/tests/Proj/RoomTest.php" line="203" assertions="2" time="0.000343"/>
        <testcase name="testSetDescription" class="Tests\App\Proj\RoomTest" classname="Tests.App.Proj.RoomTest" file="/home/anbl/dbwebb-kurser/mvc/me/report/tests/Proj/RoomTest.php" line="218" assertions="2" time="0.000333"/>
        <testcase name="testGetDescription" class="Tests\App\Proj\RoomTest" classname="Tests.App.Proj.RoomTest" file="/home/anbl/dbwebb-kurser/mvc/me/report/tests/Proj/RoomTest.php" line="227" assertions="2" time="0.000316"/>
        <testcase name="testIsStartWhenStartIsNull" class="Tests\App\Proj\RoomTest" classname="Tests.App.Proj.RoomTest" file="/home/anbl/dbwebb-kurser/mvc/me/report/tests/Proj/RoomTest.php" line="236" assertions="2" time="0.000336"/>
        <testcase name="testIsStartWhenStartIsTrue" class="Tests\App\Proj\RoomTest" classname="Tests.App.Proj.RoomTest" file="/home/anbl/dbwebb-kurser/mvc/me/report/tests/Proj/RoomTest.php" line="243" assertions="2" time="0.000333"/>
        <testcase name="testIsStartWhenStartIsFalse" class="Tests\App\Proj\RoomTest" classname="Tests.App.Proj.RoomTest" file="/home/anbl/dbwebb-kurser/mvc/me/report/tests/Proj/RoomTest.php" line="253" assertions="2" time="0.000320"/>
      </testsuite>
      <testsuite name="Tests\App\Proj\RoomTypeTest" file="/home/anbl/dbwebb-kurser/mvc/me/report/tests/Proj/RoomTypeTest.php" tests="1" assertions="5" errors="0" warnings="0" failures="0" skipped="0" time="0.002021">
        <testcase name="testSubmitValidData" class="Tests\App\Proj\RoomTypeTest" classname="Tests.App.Proj.RoomTypeTest" file="/home/anbl/dbwebb-kurser/mvc/me/report/tests/Proj/RoomTypeTest.php" line="11" assertions="5" time="0.002021"/>
      </testsuite>
    </testsuite>
  </testsuite>
</testsuites>
