<?xml version="1.0" encoding="UTF-8"?>
<testsuites>
  <testsuite name="" tests="153" assertions="440" errors="0" warnings="1" failures="0" skipped="0" time="0.200894">
    <testsuite name="CardTestsuite" tests="73" assertions="148" errors="0" warnings="0" failures="0" skipped="0" time="0.136680">
      <testsuite name="Tests\App\Card\CardHandTest" file="/home/anbl/dbwebb-kurser/mvc/me/report/tests/Card/CardHandTest.php" tests="8" assertions="15" errors="0" warnings="0" failures="0" skipped="0" time="0.005498">
        <testcase name="testCardHandConstructor" class="Tests\App\Card\CardHandTest" classname="Tests.App.Card.CardHandTest" file="/home/anbl/dbwebb-kurser/mvc/me/report/tests/Card/CardHandTest.php" line="25" assertions="1" time="0.001700"/>
        <testcase name="testGetCards" class="Tests\App\Card\CardHandTest" classname="Tests.App.Card.CardHandTest" file="/home/anbl/dbwebb-kurser/mvc/me/report/tests/Card/CardHandTest.php" line="30" assertions="3" time="0.000549"/>
        <testcase name="testAddCard" class="Tests\App\Card\CardHandTest" classname="Tests.App.Card.CardHandTest" file="/home/anbl/dbwebb-kurser/mvc/me/report/tests/Card/CardHandTest.php" line="37" assertions="2" time="0.000482"/>
        <testcase name="testGetCardsAsString" class="Tests\App\Card\CardHandTest" classname="Tests.App.Card.CardHandTest" file="/home/anbl/dbwebb-kurser/mvc/me/report/tests/Card/CardHandTest.php" line="45" assertions="2" time="0.000633"/>
        <testcase name="testHasAce" class="Tests\App\Card\CardHandTest" classname="Tests.App.Card.CardHandTest" file="/home/anbl/dbwebb-kurser/mvc/me/report/tests/Card/CardHandTest.php" line="51" assertions="2" time="0.000511"/>
        <testcase name="testGetScore" class="Tests\App\Card\CardHandTest" classname="Tests.App.Card.CardHandTest" file="/home/anbl/dbwebb-kurser/mvc/me/report/tests/Card/CardHandTest.php" line="68" assertions="1" time="0.000521"/>
        <testcase name="testIsGameOver" class="Tests\App\Card\CardHandTest" classname="Tests.App.Card.CardHandTest" file="/home/anbl/dbwebb-kurser/mvc/me/report/tests/Card/CardHandTest.php" line="90" assertions="2" time="0.000568"/>
        <testcase name="testIsGameOverMoreThan21" class="Tests\App\Card\CardHandTest" classname="Tests.App.Card.CardHandTest" file="/home/anbl/dbwebb-kurser/mvc/me/report/tests/Card/CardHandTest.php" line="102" assertions="2" time="0.000534"/>
      </testsuite>
      <testsuite name="App\Card\CardTest" file="/home/anbl/dbwebb-kurser/mvc/me/report/tests/Card/CardTest.php" tests="5" assertions="5" errors="0" warnings="0" failures="0" skipped="0" time="0.001556">
        <testcase name="testGetValue" class="App\Card\CardTest" classname="App.Card.CardTest" file="/home/anbl/dbwebb-kurser/mvc/me/report/tests/Card/CardTest.php" line="20" assertions="1" time="0.000441"/>
        <testcase name="testGetFamily" class="App\Card\CardTest" classname="App.Card.CardTest" file="/home/anbl/dbwebb-kurser/mvc/me/report/tests/Card/CardTest.php" line="25" assertions="1" time="0.000300"/>
        <testcase name="testGetAsString" class="App\Card\CardTest" classname="App.Card.CardTest" file="/home/anbl/dbwebb-kurser/mvc/me/report/tests/Card/CardTest.php" line="30" assertions="1" time="0.000265"/>
        <testcase name="testGetSymbol" class="App\Card\CardTest" classname="App.Card.CardTest" file="/home/anbl/dbwebb-kurser/mvc/me/report/tests/Card/CardTest.php" line="35" assertions="1" time="0.000285"/>
        <testcase name="testCreateEmptyCard" class="App\Card\CardTest" classname="App.Card.CardTest" file="/home/anbl/dbwebb-kurser/mvc/me/report/tests/Card/CardTest.php" line="40" assertions="1" time="0.000265"/>
      </testsuite>
      <testsuite name="App\Card\DeckOfCardsTest" file="/home/anbl/dbwebb-kurser/mvc/me/report/tests/Card/DeckOfCardsTest.php" tests="8" assertions="14" errors="0" warnings="0" failures="0" skipped="0" time="0.011968">
        <testcase name="testDeckOfCardsCreation" class="App\Card\DeckOfCardsTest" classname="App.Card.DeckOfCardsTest" file="/home/anbl/dbwebb-kurser/mvc/me/report/tests/Card/DeckOfCardsTest.php" line="20" assertions="2" time="0.000376"/>
        <testcase name="testDrawCard" class="App\Card\DeckOfCardsTest" classname="App.Card.DeckOfCardsTest" file="/home/anbl/dbwebb-kurser/mvc/me/report/tests/Card/DeckOfCardsTest.php" line="26" assertions="3" time="0.000402"/>
        <testcase name="testDrawAllCards" class="App\Card\DeckOfCardsTest" classname="App.Card.DeckOfCardsTest" file="/home/anbl/dbwebb-kurser/mvc/me/report/tests/Card/DeckOfCardsTest.php" line="34" assertions="1" time="0.000869"/>
        <testcase name="testMixCards" class="App\Card\DeckOfCardsTest" classname="App.Card.DeckOfCardsTest" file="/home/anbl/dbwebb-kurser/mvc/me/report/tests/Card/DeckOfCardsTest.php" line="43" assertions="2" time="0.000414"/>
        <testcase name="testRemainingCards" class="App\Card\DeckOfCardsTest" classname="App.Card.DeckOfCardsTest" file="/home/anbl/dbwebb-kurser/mvc/me/report/tests/Card/DeckOfCardsTest.php" line="56" assertions="2" time="0.000419"/>
        <testcase name="testSortRemainingCards" class="App\Card\DeckOfCardsTest" classname="App.Card.DeckOfCardsTest" file="/home/anbl/dbwebb-kurser/mvc/me/report/tests/Card/DeckOfCardsTest.php" line="66" assertions="1" time="0.004907"/>
        <testcase name="testMixCardsDiffer" class="App\Card\DeckOfCardsTest" classname="App.Card.DeckOfCardsTest" file="/home/anbl/dbwebb-kurser/mvc/me/report/tests/Card/DeckOfCardsTest.php" line="75" assertions="1" time="0.004118"/>
        <testcase name="testConstructorCreatesFullDeck" class="App\Card\DeckOfCardsTest" classname="App.Card.DeckOfCardsTest" file="/home/anbl/dbwebb-kurser/mvc/me/report/tests/Card/DeckOfCardsTest.php" line="86" assertions="2" time="0.000463"/>
      </testsuite>
      <testsuite name="App\Card\GameTest" file="/home/anbl/dbwebb-kurser/mvc/me/report/tests/Card/GameTest.php" tests="18" assertions="43" errors="0" warnings="0" failures="0" skipped="0" time="0.040474">
        <testcase name="testStartNewRound" class="App\Card\GameTest" classname="App.Card.GameTest" file="/home/anbl/dbwebb-kurser/mvc/me/report/tests/Card/GameTest.php" line="22" assertions="2" time="0.000931"/>
        <testcase name="testGetPlayer" class="App\Card\GameTest" classname="App.Card.GameTest" file="/home/anbl/dbwebb-kurser/mvc/me/report/tests/Card/GameTest.php" line="32" assertions="1" time="0.000633"/>
        <testcase name="testGetBank" class="App\Card\GameTest" classname="App.Card.GameTest" file="/home/anbl/dbwebb-kurser/mvc/me/report/tests/Card/GameTest.php" line="38" assertions="1" time="0.000571"/>
        <testcase name="testGetDeck" class="App\Card\GameTest" classname="App.Card.GameTest" file="/home/anbl/dbwebb-kurser/mvc/me/report/tests/Card/GameTest.php" line="44" assertions="1" time="0.000561"/>
        <testcase name="testIsBankTurn" class="App\Card\GameTest" classname="App.Card.GameTest" file="/home/anbl/dbwebb-kurser/mvc/me/report/tests/Card/GameTest.php" line="50" assertions="1" time="0.000428"/>
        <testcase name="testResetHard" class="App\Card\GameTest" classname="App.Card.GameTest" file="/home/anbl/dbwebb-kurser/mvc/me/report/tests/Card/GameTest.php" line="56" assertions="1" time="0.000613"/>
        <testcase name="testPlayerHitScore" class="App\Card\GameTest" classname="App.Card.GameTest" file="/home/anbl/dbwebb-kurser/mvc/me/report/tests/Card/GameTest.php" line="68" assertions="1" time="0.000525"/>
        <testcase name="testBankHitScore" class="App\Card\GameTest" classname="App.Card.GameTest" file="/home/anbl/dbwebb-kurser/mvc/me/report/tests/Card/GameTest.php" line="78" assertions="1" time="0.000586"/>
        <testcase name="testBankHitScorePartDeux" class="App\Card\GameTest" classname="App.Card.GameTest" file="/home/anbl/dbwebb-kurser/mvc/me/report/tests/Card/GameTest.php" line="95" assertions="1" time="0.006353"/>
        <testcase name="testBankHitScoreLowScore" class="App\Card\GameTest" classname="App.Card.GameTest" file="/home/anbl/dbwebb-kurser/mvc/me/report/tests/Card/GameTest.php" line="111" assertions="1" time="0.003420"/>
        <testcase name="testCheckGameOver" class="App\Card\GameTest" classname="App.Card.GameTest" file="/home/anbl/dbwebb-kurser/mvc/me/report/tests/Card/GameTest.php" line="126" assertions="1" time="0.001177"/>
        <testcase name="testCheckGameOverNoCards" class="App\Card\GameTest" classname="App.Card.GameTest" file="/home/anbl/dbwebb-kurser/mvc/me/report/tests/Card/GameTest.php" line="141" assertions="1" time="0.000848"/>
        <testcase name="testCheckGameOverFalse" class="App\Card\GameTest" classname="App.Card.GameTest" file="/home/anbl/dbwebb-kurser/mvc/me/report/tests/Card/GameTest.php" line="159" assertions="1" time="0.000671"/>
        <testcase name="testGetMessage" class="App\Card\GameTest" classname="App.Card.GameTest" file="/home/anbl/dbwebb-kurser/mvc/me/report/tests/Card/GameTest.php" line="173" assertions="1" time="0.000683"/>
        <testcase name="testStand" class="App\Card\GameTest" classname="App.Card.GameTest" file="/home/anbl/dbwebb-kurser/mvc/me/report/tests/Card/GameTest.php" line="180" assertions="1" time="0.000583"/>
        <testcase name="testResetBets" class="App\Card\GameTest" classname="App.Card.GameTest" file="/home/anbl/dbwebb-kurser/mvc/me/report/tests/Card/GameTest.php" line="186" assertions="2" time="0.000528"/>
        <testcase name="testGetData" class="App\Card\GameTest" classname="App.Card.GameTest" file="/home/anbl/dbwebb-kurser/mvc/me/report/tests/Card/GameTest.php" line="193" assertions="12" time="0.000671"/>
        <testcase name="testEndOfRound" class="App\Card\GameTest" classname="App.Card.GameTest" file="/home/anbl/dbwebb-kurser/mvc/me/report/tests/Card/GameTest.php" line="212" assertions="13" time="0.020690"/>
      </testsuite>
      <testsuite name="App\Tests\Controller\LibraryControllerTest" file="/home/anbl/dbwebb-kurser/mvc/me/report/tests/Card/LibraryControllerTest.php" tests="7" assertions="27" errors="0" warnings="0" failures="0" skipped="0" time="0.026574">
        <testcase name="testIndex" class="App\Tests\Controller\LibraryControllerTest" classname="App.Tests.Controller.LibraryControllerTest" file="/home/anbl/dbwebb-kurser/mvc/me/report/tests/Card/LibraryControllerTest.php" line="22" assertions="2" time="0.012859"/>
        <testcase name="testCreateBook" class="App\Tests\Controller\LibraryControllerTest" classname="App.Tests.Controller.LibraryControllerTest" file="/home/anbl/dbwebb-kurser/mvc/me/report/tests/Card/LibraryControllerTest.php" line="40" assertions="5" time="0.007664"/>
        <testcase name="testReadOne" class="App\Tests\Controller\LibraryControllerTest" classname="App.Tests.Controller.LibraryControllerTest" file="/home/anbl/dbwebb-kurser/mvc/me/report/tests/Card/LibraryControllerTest.php" line="87" assertions="4" time="0.003155"/>
        <testcase name="testReadOneThrowsNotFoundException" class="App\Tests\Controller\LibraryControllerTest" classname="App.Tests.Controller.LibraryControllerTest" file="/home/anbl/dbwebb-kurser/mvc/me/report/tests/Card/LibraryControllerTest.php" line="119" assertions="4" time="0.000786"/>
        <testcase name="testReadMany" class="App\Tests\Controller\LibraryControllerTest" classname="App.Tests.Controller.LibraryControllerTest" file="/home/anbl/dbwebb-kurser/mvc/me/report/tests/Card/LibraryControllerTest.php" line="146" assertions="4" time="0.000705"/>
        <testcase name="testDelete" class="App\Tests\Controller\LibraryControllerTest" classname="App.Tests.Controller.LibraryControllerTest" file="/home/anbl/dbwebb-kurser/mvc/me/report/tests/Card/LibraryControllerTest.php" line="176" assertions="4" time="0.000803"/>
        <testcase name="testUpdate" class="App\Tests\Controller\LibraryControllerTest" classname="App.Tests.Controller.LibraryControllerTest" file="/home/anbl/dbwebb-kurser/mvc/me/report/tests/Card/LibraryControllerTest.php" line="199" assertions="4" time="0.000601"/>
      </testsuite>
      <testsuite name="App\Card\PlayerTest" file="/home/anbl/dbwebb-kurser/mvc/me/report/tests/Card/PlayerTest.php" tests="18" assertions="25" errors="0" warnings="0" failures="0" skipped="0" time="0.019853">
        <testcase name="testInitWithBet" class="App\Card\PlayerTest" classname="App.Card.PlayerTest" file="/home/anbl/dbwebb-kurser/mvc/me/report/tests/Card/PlayerTest.php" line="27" assertions="2" time="0.000407"/>
        <testcase name="testInitWithoutBet" class="App\Card\PlayerTest" classname="App.Card.PlayerTest" file="/home/anbl/dbwebb-kurser/mvc/me/report/tests/Card/PlayerTest.php" line="33" assertions="2" time="0.000435"/>
        <testcase name="testInitialMoney" class="App\Card\PlayerTest" classname="App.Card.PlayerTest" file="/home/anbl/dbwebb-kurser/mvc/me/report/tests/Card/PlayerTest.php" line="41" assertions="1" time="0.000423"/>
        <testcase name="testGetName" class="App\Card\PlayerTest" classname="App.Card.PlayerTest" file="/home/anbl/dbwebb-kurser/mvc/me/report/tests/Card/PlayerTest.php" line="46" assertions="1" time="0.000489"/>
        <testcase name="testGetEndCond" class="App\Card\PlayerTest" classname="App.Card.PlayerTest" file="/home/anbl/dbwebb-kurser/mvc/me/report/tests/Card/PlayerTest.php" line="51" assertions="2" time="0.000470"/>
        <testcase name="testGetType" class="App\Card\PlayerTest" classname="App.Card.PlayerTest" file="/home/anbl/dbwebb-kurser/mvc/me/report/tests/Card/PlayerTest.php" line="57" assertions="1" time="0.000449"/>
        <testcase name="testGetHand" class="App\Card\PlayerTest" classname="App.Card.PlayerTest" file="/home/anbl/dbwebb-kurser/mvc/me/report/tests/Card/PlayerTest.php" line="62" assertions="1" time="0.000470"/>
        <testcase name="testGetScore" class="App\Card\PlayerTest" classname="App.Card.PlayerTest" file="/home/anbl/dbwebb-kurser/mvc/me/report/tests/Card/PlayerTest.php" line="67" assertions="1" time="0.000468"/>
        <testcase name="testResetHand" class="App\Card\PlayerTest" classname="App.Card.PlayerTest" file="/home/anbl/dbwebb-kurser/mvc/me/report/tests/Card/PlayerTest.php" line="72" assertions="1" time="0.000684"/>
        <testcase name="testHit" class="App\Card\PlayerTest" classname="App.Card.PlayerTest" file="/home/anbl/dbwebb-kurser/mvc/me/report/tests/Card/PlayerTest.php" line="81" assertions="1" time="0.000537"/>
        <testcase name="testGetMoney" class="App\Card\PlayerTest" classname="App.Card.PlayerTest" file="/home/anbl/dbwebb-kurser/mvc/me/report/tests/Card/PlayerTest.php" line="90" assertions="1" time="0.000460"/>
        <testcase name="testAddMoney" class="App\Card\PlayerTest" classname="App.Card.PlayerTest" file="/home/anbl/dbwebb-kurser/mvc/me/report/tests/Card/PlayerTest.php" line="96" assertions="1" time="0.000437"/>
        <testcase name="testPayMoney" class="App\Card\PlayerTest" classname="App.Card.PlayerTest" file="/home/anbl/dbwebb-kurser/mvc/me/report/tests/Card/PlayerTest.php" line="102" assertions="1" time="0.000438"/>
        <testcase name="testNewBetForBank" class="App\Card\PlayerTest" classname="App.Card.PlayerTest" file="/home/anbl/dbwebb-kurser/mvc/me/report/tests/Card/PlayerTest.php" line="108" assertions="4" time="0.000700"/>
        <testcase name="testSetCurrentBet" class="App\Card\PlayerTest" classname="App.Card.PlayerTest" file="/home/anbl/dbwebb-kurser/mvc/me/report/tests/Card/PlayerTest.php" line="124" assertions="2" time="0.000485"/>
        <testcase name="testGetCurrentBet" class="App\Card\PlayerTest" classname="App.Card.PlayerTest" file="/home/anbl/dbwebb-kurser/mvc/me/report/tests/Card/PlayerTest.php" line="131" assertions="1" time="0.000449"/>
        <testcase name="testHitException" class="App\Card\PlayerTest" classname="App.Card.PlayerTest" file="/home/anbl/dbwebb-kurser/mvc/me/report/tests/Card/PlayerTest.php" line="137" assertions="1" time="0.000726"/>
        <testcase name="testHitTrue" class="App\Card\PlayerTest" classname="App.Card.PlayerTest" file="/home/anbl/dbwebb-kurser/mvc/me/report/tests/Card/PlayerTest.php" line="151" assertions="1" time="0.011326"/>
      </testsuite>
      <testsuite name="App\Card\RulesTest" file="/home/anbl/dbwebb-kurser/mvc/me/report/tests/Card/RulesTest.php" tests="9" assertions="19" errors="0" warnings="0" failures="0" skipped="0" time="0.030756">
        <testcase name="testDetermineWinnerPlayerWins" class="App\Card\RulesTest" classname="App.Card.RulesTest" file="/home/anbl/dbwebb-kurser/mvc/me/report/tests/Card/RulesTest.php" line="27" assertions="3" time="0.012916"/>
        <testcase name="testDetermineWinnerBankWinsPlayerIsFat" class="App\Card\RulesTest" classname="App.Card.RulesTest" file="/home/anbl/dbwebb-kurser/mvc/me/report/tests/Card/RulesTest.php" line="44" assertions="3" time="0.000746"/>
        <testcase name="testDetermineWinnerPlayerWinsBankIsFat" class="App\Card\RulesTest" classname="App.Card.RulesTest" file="/home/anbl/dbwebb-kurser/mvc/me/report/tests/Card/RulesTest.php" line="61" assertions="3" time="0.000591"/>
        <testcase name="testDetermineWinnerBankWinsOnScore" class="App\Card\RulesTest" classname="App.Card.RulesTest" file="/home/anbl/dbwebb-kurser/mvc/me/report/tests/Card/RulesTest.php" line="78" assertions="3" time="0.004104"/>
        <testcase name="testDetermineWinnerGameTies" class="App\Card\RulesTest" classname="App.Card.RulesTest" file="/home/anbl/dbwebb-kurser/mvc/me/report/tests/Card/RulesTest.php" line="95" assertions="3" time="0.009619"/>
        <testcase name="testPayoutPlayerWins" class="App\Card\RulesTest" classname="App.Card.RulesTest" file="/home/anbl/dbwebb-kurser/mvc/me/report/tests/Card/RulesTest.php" line="112" assertions="1" time="0.000685"/>
        <testcase name="testPayoutBankWinsAndPlayerRunsOutOfMoney" class="App\Card\RulesTest" classname="App.Card.RulesTest" file="/home/anbl/dbwebb-kurser/mvc/me/report/tests/Card/RulesTest.php" line="127" assertions="1" time="0.000635"/>
        <testcase name="testEndOfGameNotReached" class="App\Card\RulesTest" classname="App.Card.RulesTest" file="/home/anbl/dbwebb-kurser/mvc/me/report/tests/Card/RulesTest.php" line="142" assertions="1" time="0.000607"/>
        <testcase name="testEndOfGame" class="App\Card\RulesTest" classname="App.Card.RulesTest" file="/home/anbl/dbwebb-kurser/mvc/me/report/tests/Card/RulesTest.php" line="149" assertions="1" time="0.000854"/>
      </testsuite>
    </testsuite>
    <testsuite name="ProjTestsuite" tests="80" assertions="292" errors="0" warnings="1" failures="0" skipped="0" time="0.064214">
      <testsuite name="Tests\App\Proj\ActionTest" file="/home/anbl/dbwebb-kurser/mvc/me/report/tests/Proj/ActionTest.php" tests="1" assertions="0" errors="0" warnings="1" failures="0" skipped="0" time="0.000322">
        <testcase name="Warning" assertions="0" time="0.000322">
          <warning type="PHPUnit\Framework\Warning">Warning
No tests found in class "Tests\App\Proj\ActionTest".</warning>
        </testcase>
      </testsuite>
      <testsuite name="Tests\App\Proj\ActionTypeTest" file="/home/anbl/dbwebb-kurser/mvc/me/report/tests/Proj/ActionTypeTest.php" tests="1" assertions="7" errors="0" warnings="0" failures="0" skipped="0" time="0.014854">
        <testcase name="testSubmitValidData" class="Tests\App\Proj\ActionTypeTest" classname="Tests.App.Proj.ActionTypeTest" file="/home/anbl/dbwebb-kurser/mvc/me/report/tests/Proj/ActionTypeTest.php" line="11" assertions="7" time="0.014854"/>
      </testsuite>
      <testsuite name="Tests\App\Proj\BookTypeTest" file="/home/anbl/dbwebb-kurser/mvc/me/report/tests/Proj/BookTypeTest.php" tests="1" assertions="6" errors="0" warnings="0" failures="0" skipped="0" time="0.002708">
        <testcase name="testSubmitValidData" class="Tests\App\Proj\BookTypeTest" classname="Tests.App.Proj.BookTypeTest" file="/home/anbl/dbwebb-kurser/mvc/me/report/tests/Proj/BookTypeTest.php" line="11" assertions="6" time="0.002708"/>
      </testsuite>
      <testsuite name="Tests\App\Proj\EventByObjectFormTest" file="/home/anbl/dbwebb-kurser/mvc/me/report/tests/Proj/EventByObjectTypeTest.php" tests="1" assertions="10" errors="0" warnings="0" failures="0" skipped="0" time="0.006169">
        <testcase name="testSubmitValidData" class="Tests\App\Proj\EventByObjectFormTest" classname="Tests.App.Proj.EventByObjectFormTest" file="/home/anbl/dbwebb-kurser/mvc/me/report/tests/Proj/EventByObjectTypeTest.php" line="11" assertions="10" time="0.006169"/>
      </testsuite>
      <testsuite name="Tests\App\Proj\EventTest" file="/home/anbl/dbwebb-kurser/mvc/me/report/tests/Proj/EventTest.php" tests="11" assertions="22" errors="0" warnings="0" failures="0" skipped="0" time="0.003921">
        <testcase name="testGetText" class="Tests\App\Proj\EventTest" classname="Tests.App.Proj.EventTest" file="/home/anbl/dbwebb-kurser/mvc/me/report/tests/Proj/EventTest.php" line="24" assertions="2" time="0.000579"/>
        <testcase name="testSetText" class="Tests\App\Proj\EventTest" classname="Tests.App.Proj.EventTest" file="/home/anbl/dbwebb-kurser/mvc/me/report/tests/Proj/EventTest.php" line="31" assertions="2" time="0.000426"/>
        <testcase name="testGetName" class="Tests\App\Proj\EventTest" classname="Tests.App.Proj.EventTest" file="/home/anbl/dbwebb-kurser/mvc/me/report/tests/Proj/EventTest.php" line="39" assertions="2" time="0.000356"/>
        <testcase name="testSetName" class="Tests\App\Proj\EventTest" classname="Tests.App.Proj.EventTest" file="/home/anbl/dbwebb-kurser/mvc/me/report/tests/Proj/EventTest.php" line="46" assertions="2" time="0.000371"/>
        <testcase name="testGetEventId" class="Tests\App\Proj\EventTest" classname="Tests.App.Proj.EventTest" file="/home/anbl/dbwebb-kurser/mvc/me/report/tests/Proj/EventTest.php" line="54" assertions="2" time="0.000347"/>
        <testcase name="testSetEventId" class="Tests\App\Proj\EventTest" classname="Tests.App.Proj.EventTest" file="/home/anbl/dbwebb-kurser/mvc/me/report/tests/Proj/EventTest.php" line="61" assertions="2" time="0.000301"/>
        <testcase name="testGetActions" class="Tests\App\Proj\EventTest" classname="Tests.App.Proj.EventTest" file="/home/anbl/dbwebb-kurser/mvc/me/report/tests/Proj/EventTest.php" line="69" assertions="2" time="0.000302"/>
        <testcase name="testSetActions" class="Tests\App\Proj\EventTest" classname="Tests.App.Proj.EventTest" file="/home/anbl/dbwebb-kurser/mvc/me/report/tests/Proj/EventTest.php" line="76" assertions="2" time="0.000312"/>
        <testcase name="testAddAction" class="Tests\App\Proj\EventTest" classname="Tests.App.Proj.EventTest" file="/home/anbl/dbwebb-kurser/mvc/me/report/tests/Proj/EventTest.php" line="84" assertions="2" time="0.000328"/>
        <testcase name="testGetLocation" class="Tests\App\Proj\EventTest" classname="Tests.App.Proj.EventTest" file="/home/anbl/dbwebb-kurser/mvc/me/report/tests/Proj/EventTest.php" line="93" assertions="2" time="0.000298"/>
        <testcase name="testSetLocation" class="Tests\App\Proj\EventTest" classname="Tests.App.Proj.EventTest" file="/home/anbl/dbwebb-kurser/mvc/me/report/tests/Proj/EventTest.php" line="100" assertions="2" time="0.000301"/>
      </testsuite>
      <testsuite name="Tests\App\Proj\EventTypeTest" file="/home/anbl/dbwebb-kurser/mvc/me/report/tests/Proj/EventTypeTest.php" tests="1" assertions="4" errors="0" warnings="0" failures="0" skipped="0" time="0.001868">
        <testcase name="testSubmitValidData" class="Tests\App\Proj\EventTypeTest" classname="Tests.App.Proj.EventTypeTest" file="/home/anbl/dbwebb-kurser/mvc/me/report/tests/Proj/EventTypeTest.php" line="11" assertions="4" time="0.001868"/>
      </testsuite>
      <testsuite name="Tests\App\Proj\GameObjectTest" file="/home/anbl/dbwebb-kurser/mvc/me/report/tests/Proj/GameObjectTest.php" tests="26" assertions="132" errors="0" warnings="0" failures="0" skipped="0" time="0.009426">
        <testcase name="testGetEffect" class="Tests\App\Proj\GameObjectTest" classname="Tests.App.Proj.GameObjectTest" file="/home/anbl/dbwebb-kurser/mvc/me/report/tests/Proj/GameObjectTest.php" line="51" assertions="5" time="0.000986"/>
        <testcase name="testSetEffect" class="Tests\App\Proj\GameObjectTest" classname="Tests.App.Proj.GameObjectTest" file="/home/anbl/dbwebb-kurser/mvc/me/report/tests/Proj/GameObjectTest.php" line="59" assertions="5" time="0.000436"/>
        <testcase name="testGetImage" class="Tests\App\Proj\GameObjectTest" classname="Tests.App.Proj.GameObjectTest" file="/home/anbl/dbwebb-kurser/mvc/me/report/tests/Proj/GameObjectTest.php" line="67" assertions="5" time="0.000342"/>
        <testcase name="testSetImage" class="Tests\App\Proj\GameObjectTest" classname="Tests.App.Proj.GameObjectTest" file="/home/anbl/dbwebb-kurser/mvc/me/report/tests/Proj/GameObjectTest.php" line="75" assertions="5" time="0.000342"/>
        <testcase name="testGetImage2" class="Tests\App\Proj\GameObjectTest" classname="Tests.App.Proj.GameObjectTest" file="/home/anbl/dbwebb-kurser/mvc/me/report/tests/Proj/GameObjectTest.php" line="83" assertions="5" time="0.000348"/>
        <testcase name="testSetImage2" class="Tests\App\Proj\GameObjectTest" classname="Tests.App.Proj.GameObjectTest" file="/home/anbl/dbwebb-kurser/mvc/me/report/tests/Proj/GameObjectTest.php" line="91" assertions="5" time="0.000332"/>
        <testcase name="testGetName" class="Tests\App\Proj\GameObjectTest" classname="Tests.App.Proj.GameObjectTest" file="/home/anbl/dbwebb-kurser/mvc/me/report/tests/Proj/GameObjectTest.php" line="99" assertions="5" time="0.000323"/>
        <testcase name="testSetName" class="Tests\App\Proj\GameObjectTest" classname="Tests.App.Proj.GameObjectTest" file="/home/anbl/dbwebb-kurser/mvc/me/report/tests/Proj/GameObjectTest.php" line="107" assertions="5" time="0.000314"/>
        <testcase name="testSetPositionX" class="Tests\App\Proj\GameObjectTest" classname="Tests.App.Proj.GameObjectTest" file="/home/anbl/dbwebb-kurser/mvc/me/report/tests/Proj/GameObjectTest.php" line="115" assertions="5" time="0.000359"/>
        <testcase name="testGetPositionX" class="Tests\App\Proj\GameObjectTest" classname="Tests.App.Proj.GameObjectTest" file="/home/anbl/dbwebb-kurser/mvc/me/report/tests/Proj/GameObjectTest.php" line="123" assertions="5" time="0.000311"/>
        <testcase name="testSetPositionY" class="Tests\App\Proj\GameObjectTest" classname="Tests.App.Proj.GameObjectTest" file="/home/anbl/dbwebb-kurser/mvc/me/report/tests/Proj/GameObjectTest.php" line="131" assertions="5" time="0.000317"/>
        <testcase name="testGetPositionY" class="Tests\App\Proj\GameObjectTest" classname="Tests.App.Proj.GameObjectTest" file="/home/anbl/dbwebb-kurser/mvc/me/report/tests/Proj/GameObjectTest.php" line="139" assertions="5" time="0.000480"/>
        <testcase name="testSetPositionZ" class="Tests\App\Proj\GameObjectTest" classname="Tests.App.Proj.GameObjectTest" file="/home/anbl/dbwebb-kurser/mvc/me/report/tests/Proj/GameObjectTest.php" line="147" assertions="5" time="0.000336"/>
        <testcase name="testGetPositionZ" class="Tests\App\Proj\GameObjectTest" classname="Tests.App.Proj.GameObjectTest" file="/home/anbl/dbwebb-kurser/mvc/me/report/tests/Proj/GameObjectTest.php" line="154" assertions="5" time="0.000308"/>
        <testcase name="testGetHeight" class="Tests\App\Proj\GameObjectTest" classname="Tests.App.Proj.GameObjectTest" file="/home/anbl/dbwebb-kurser/mvc/me/report/tests/Proj/GameObjectTest.php" line="161" assertions="5" time="0.000315"/>
        <testcase name="testSetHeight" class="Tests\App\Proj\GameObjectTest" classname="Tests.App.Proj.GameObjectTest" file="/home/anbl/dbwebb-kurser/mvc/me/report/tests/Proj/GameObjectTest.php" line="169" assertions="5" time="0.000322"/>
        <testcase name="testGetWidth" class="Tests\App\Proj\GameObjectTest" classname="Tests.App.Proj.GameObjectTest" file="/home/anbl/dbwebb-kurser/mvc/me/report/tests/Proj/GameObjectTest.php" line="177" assertions="5" time="0.000329"/>
        <testcase name="testSetWidth" class="Tests\App\Proj\GameObjectTest" classname="Tests.App.Proj.GameObjectTest" file="/home/anbl/dbwebb-kurser/mvc/me/report/tests/Proj/GameObjectTest.php" line="185" assertions="5" time="0.000317"/>
        <testcase name="testIsClickable" class="Tests\App\Proj\GameObjectTest" classname="Tests.App.Proj.GameObjectTest" file="/home/anbl/dbwebb-kurser/mvc/me/report/tests/Proj/GameObjectTest.php" line="193" assertions="5" time="0.000316"/>
        <testcase name="testSetClickable" class="Tests\App\Proj\GameObjectTest" classname="Tests.App.Proj.GameObjectTest" file="/home/anbl/dbwebb-kurser/mvc/me/report/tests/Proj/GameObjectTest.php" line="201" assertions="5" time="0.000310"/>
        <testcase name="testHasClickOptions" class="Tests\App\Proj\GameObjectTest" classname="Tests.App.Proj.GameObjectTest" file="/home/anbl/dbwebb-kurser/mvc/me/report/tests/Proj/GameObjectTest.php" line="209" assertions="6" time="0.000345"/>
        <testcase name="testOnClick" class="Tests\App\Proj\GameObjectTest" classname="Tests.App.Proj.GameObjectTest" file="/home/anbl/dbwebb-kurser/mvc/me/report/tests/Proj/GameObjectTest.php" line="218" assertions="6" time="0.000329"/>
        <testcase name="testGetOptions" class="Tests\App\Proj\GameObjectTest" classname="Tests.App.Proj.GameObjectTest" file="/home/anbl/dbwebb-kurser/mvc/me/report/tests/Proj/GameObjectTest.php" line="238" assertions="5" time="0.000319"/>
        <testcase name="testGetEventByOptionWithExistingOption" class="Tests\App\Proj\GameObjectTest" classname="Tests.App.Proj.GameObjectTest" file="/home/anbl/dbwebb-kurser/mvc/me/report/tests/Proj/GameObjectTest.php" line="258" assertions="5" time="0.000326"/>
        <testcase name="testGetEventByOptionWithNonExistingOption" class="Tests\App\Proj\GameObjectTest" classname="Tests.App.Proj.GameObjectTest" file="/home/anbl/dbwebb-kurser/mvc/me/report/tests/Proj/GameObjectTest.php" line="280" assertions="5" time="0.000316"/>
        <testcase name="testAddOption" class="Tests\App\Proj\GameObjectTest" classname="Tests.App.Proj.GameObjectTest" file="/home/anbl/dbwebb-kurser/mvc/me/report/tests/Proj/GameObjectTest.php" line="302" assertions="5" time="0.000348"/>
      </testsuite>
      <testsuite name="Tests\App\Proj\GameObjectTypeTest" file="/home/anbl/dbwebb-kurser/mvc/me/report/tests/Proj/GameObjectTypeTest.php" tests="3" assertions="10" errors="0" warnings="0" failures="0" skipped="0" time="0.004012">
        <testcase name="testSubmitValidData" class="Tests\App\Proj\GameObjectTypeTest" classname="Tests.App.Proj.GameObjectTypeTest" file="/home/anbl/dbwebb-kurser/mvc/me/report/tests/Proj/GameObjectTypeTest.php" line="11" assertions="8" time="0.002910"/>
        <testcase name="testReverseTransform" class="Tests\App\Proj\GameObjectTypeTest" classname="Tests.App.Proj.GameObjectTypeTest" file="/home/anbl/dbwebb-kurser/mvc/me/report/tests/Proj/GameObjectTypeTest.php" line="38" assertions="1" time="0.000570"/>
        <testcase name="testTransform" class="Tests\App\Proj\GameObjectTypeTest" classname="Tests.App.Proj.GameObjectTypeTest" file="/home/anbl/dbwebb-kurser/mvc/me/report/tests/Proj/GameObjectTypeTest.php" line="45" assertions="1" time="0.000532"/>
      </testsuite>
      <testsuite name="Tests\App\Proj\GameTest" file="/home/anbl/dbwebb-kurser/mvc/me/report/tests/Proj/GameTest.php" tests="6" assertions="22" errors="0" warnings="0" failures="0" skipped="0" time="0.002701">
        <testcase name="testGetCurrentRoom" class="Tests\App\Proj\GameTest" classname="Tests.App.Proj.GameTest" file="/home/anbl/dbwebb-kurser/mvc/me/report/tests/Proj/GameTest.php" line="47" assertions="4" time="0.000799"/>
        <testcase name="testGetGameState" class="Tests\App\Proj\GameTest" classname="Tests.App.Proj.GameTest" file="/home/anbl/dbwebb-kurser/mvc/me/report/tests/Proj/GameTest.php" line="54" assertions="3" time="0.000447"/>
        <testcase name="testGetGameId" class="Tests\App\Proj\GameTest" classname="Tests.App.Proj.GameTest" file="/home/anbl/dbwebb-kurser/mvc/me/report/tests/Proj/GameTest.php" line="61" assertions="3" time="0.000360"/>
        <testcase name="testGetRooms" class="Tests\App\Proj\GameTest" classname="Tests.App.Proj.GameTest" file="/home/anbl/dbwebb-kurser/mvc/me/report/tests/Proj/GameTest.php" line="67" assertions="4" time="0.000372"/>
        <testcase name="testGetPlayer" class="Tests\App\Proj\GameTest" classname="Tests.App.Proj.GameTest" file="/home/anbl/dbwebb-kurser/mvc/me/report/tests/Proj/GameTest.php" line="78" assertions="4" time="0.000349"/>
        <testcase name="testMapStartingRoom" class="Tests\App\Proj\GameTest" classname="Tests.App.Proj.GameTest" file="/home/anbl/dbwebb-kurser/mvc/me/report/tests/Proj/GameTest.php" line="89" assertions="4" time="0.000375"/>
      </testsuite>
      <testsuite name="Tests\App\Proj\GameTypeTest" file="/home/anbl/dbwebb-kurser/mvc/me/report/tests/Proj/GameTypeTest.php" tests="1" assertions="6" errors="0" warnings="0" failures="0" skipped="0" time="0.002374">
        <testcase name="testSubmitValidData" class="Tests\App\Proj\GameTypeTest" classname="Tests.App.Proj.GameTypeTest" file="/home/anbl/dbwebb-kurser/mvc/me/report/tests/Proj/GameTypeTest.php" line="11" assertions="6" time="0.002374"/>
      </testsuite>
      <testsuite name="Tests\App\Proj\ObjectByRoomTypeTest" file="/home/anbl/dbwebb-kurser/mvc/me/report/tests/Proj/ObjectByRoomTypeTest.php" tests="1" assertions="10" errors="0" warnings="0" failures="0" skipped="0" time="0.004298">
        <testcase name="testSubmitValidData" class="Tests\App\Proj\ObjectByRoomTypeTest" classname="Tests.App.Proj.ObjectByRoomTypeTest" file="/home/anbl/dbwebb-kurser/mvc/me/report/tests/Proj/ObjectByRoomTypeTest.php" line="11" assertions="10" time="0.004298"/>
      </testsuite>
      <testsuite name="Tests\App\Proj\PlayerTest" file="/home/anbl/dbwebb-kurser/mvc/me/report/tests/Proj/PlayerTest.php" tests="8" assertions="12" errors="0" warnings="0" failures="0" skipped="0" time="0.003045">
        <testcase name="testGetAvatar" class="Tests\App\Proj\PlayerTest" classname="Tests.App.Proj.PlayerTest" file="/home/anbl/dbwebb-kurser/mvc/me/report/tests/Proj/PlayerTest.php" line="23" assertions="1" time="0.000357"/>
        <testcase name="testGetName" class="Tests\App\Proj\PlayerTest" classname="Tests.App.Proj.PlayerTest" file="/home/anbl/dbwebb-kurser/mvc/me/report/tests/Proj/PlayerTest.php" line="29" assertions="1" time="0.000309"/>
        <testcase name="testAddToInventory" class="Tests\App\Proj\PlayerTest" classname="Tests.App.Proj.PlayerTest" file="/home/anbl/dbwebb-kurser/mvc/me/report/tests/Proj/PlayerTest.php" line="35" assertions="2" time="0.000437"/>
        <testcase name="testRemoveFromInventory" class="Tests\App\Proj\PlayerTest" classname="Tests.App.Proj.PlayerTest" file="/home/anbl/dbwebb-kurser/mvc/me/report/tests/Proj/PlayerTest.php" line="45" assertions="2" time="0.000401"/>
        <testcase name="testGetInventory" class="Tests\App\Proj\PlayerTest" classname="Tests.App.Proj.PlayerTest" file="/home/anbl/dbwebb-kurser/mvc/me/report/tests/Proj/PlayerTest.php" line="64" assertions="2" time="0.000412"/>
        <testcase name="testGetInventoryNames" class="Tests\App\Proj\PlayerTest" classname="Tests.App.Proj.PlayerTest" file="/home/anbl/dbwebb-kurser/mvc/me/report/tests/Proj/PlayerTest.php" line="80" assertions="2" time="0.000397"/>
        <testcase name="testGetInventoryById" class="Tests\App\Proj\PlayerTest" classname="Tests.App.Proj.PlayerTest" file="/home/anbl/dbwebb-kurser/mvc/me/report/tests/Proj/PlayerTest.php" line="99" assertions="1" time="0.000383"/>
        <testcase name="testGetInventoryByIdNotFound" class="Tests\App\Proj\PlayerTest" classname="Tests.App.Proj.PlayerTest" file="/home/anbl/dbwebb-kurser/mvc/me/report/tests/Proj/PlayerTest.php" line="117" assertions="1" time="0.000349"/>
      </testsuite>
      <testsuite name="Tests\App\Proj\RoomTest" file="/home/anbl/dbwebb-kurser/mvc/me/report/tests/Proj/RoomTest.php" tests="18" assertions="46" errors="0" warnings="0" failures="0" skipped="0" time="0.006010">
        <testcase name="testGetName" class="Tests\App\Proj\RoomTest" classname="Tests.App.Proj.RoomTest" file="/home/anbl/dbwebb-kurser/mvc/me/report/tests/Proj/RoomTest.php" line="71" assertions="2" time="0.000367"/>
        <testcase name="testGetSequence" class="Tests\App\Proj\RoomTest" classname="Tests.App.Proj.RoomTest" file="/home/anbl/dbwebb-kurser/mvc/me/report/tests/Proj/RoomTest.php" line="79" assertions="2" time="0.000300"/>
        <testcase name="testGetId" class="Tests\App\Proj\RoomTest" classname="Tests.App.Proj.RoomTest" file="/home/anbl/dbwebb-kurser/mvc/me/report/tests/Proj/RoomTest.php" line="87" assertions="2" time="0.000310"/>
        <testcase name="testAddNeighbor" class="Tests\App\Proj\RoomTest" classname="Tests.App.Proj.RoomTest" file="/home/anbl/dbwebb-kurser/mvc/me/report/tests/Proj/RoomTest.php" line="95" assertions="3" time="0.000319"/>
        <testcase name="testGetNeighbors" class="Tests\App\Proj\RoomTest" classname="Tests.App.Proj.RoomTest" file="/home/anbl/dbwebb-kurser/mvc/me/report/tests/Proj/RoomTest.php" line="105" assertions="4" time="0.000347"/>
        <testcase name="testGetBackground" class="Tests\App\Proj\RoomTest" classname="Tests.App.Proj.RoomTest" file="/home/anbl/dbwebb-kurser/mvc/me/report/tests/Proj/RoomTest.php" line="116" assertions="2" time="0.000324"/>
        <testcase name="testAddGameObject" class="Tests\App\Proj\RoomTest" classname="Tests.App.Proj.RoomTest" file="/home/anbl/dbwebb-kurser/mvc/me/report/tests/Proj/RoomTest.php" line="124" assertions="3" time="0.000335"/>
        <testcase name="testRemoveGameObject" class="Tests\App\Proj\RoomTest" classname="Tests.App.Proj.RoomTest" file="/home/anbl/dbwebb-kurser/mvc/me/report/tests/Proj/RoomTest.php" line="134" assertions="4" time="0.000362"/>
        <testcase name="testSetBackground" class="Tests\App\Proj\RoomTest" classname="Tests.App.Proj.RoomTest" file="/home/anbl/dbwebb-kurser/mvc/me/report/tests/Proj/RoomTest.php" line="151" assertions="2" time="0.000319"/>
        <testcase name="testRemoveAllGameObjects" class="Tests\App\Proj\RoomTest" classname="Tests.App.Proj.RoomTest" file="/home/anbl/dbwebb-kurser/mvc/me/report/tests/Proj/RoomTest.php" line="160" assertions="2" time="0.000371"/>
        <testcase name="testGetGameObjects" class="Tests\App\Proj\RoomTest" classname="Tests.App.Proj.RoomTest" file="/home/anbl/dbwebb-kurser/mvc/me/report/tests/Proj/RoomTest.php" line="175" assertions="4" time="0.000367"/>
        <testcase name="testGetGameObjectNames" class="Tests\App\Proj\RoomTest" classname="Tests.App.Proj.RoomTest" file="/home/anbl/dbwebb-kurser/mvc/me/report/tests/Proj/RoomTest.php" line="189" assertions="4" time="0.000362"/>
        <testcase name="testGetGameObjectById" class="Tests\App\Proj\RoomTest" classname="Tests.App.Proj.RoomTest" file="/home/anbl/dbwebb-kurser/mvc/me/report/tests/Proj/RoomTest.php" line="203" assertions="2" time="0.000342"/>
        <testcase name="testSetDescription" class="Tests\App\Proj\RoomTest" classname="Tests.App.Proj.RoomTest" file="/home/anbl/dbwebb-kurser/mvc/me/report/tests/Proj/RoomTest.php" line="218" assertions="2" time="0.000320"/>
        <testcase name="testGetDescription" class="Tests\App\Proj\RoomTest" classname="Tests.App.Proj.RoomTest" file="/home/anbl/dbwebb-kurser/mvc/me/report/tests/Proj/RoomTest.php" line="227" assertions="2" time="0.000306"/>
        <testcase name="testIsStartWhenStartIsNull" class="Tests\App\Proj\RoomTest" classname="Tests.App.Proj.RoomTest" file="/home/anbl/dbwebb-kurser/mvc/me/report/tests/Proj/RoomTest.php" line="236" assertions="2" time="0.000327"/>
        <testcase name="testIsStartWhenStartIsTrue" class="Tests\App\Proj\RoomTest" classname="Tests.App.Proj.RoomTest" file="/home/anbl/dbwebb-kurser/mvc/me/report/tests/Proj/RoomTest.php" line="243" assertions="2" time="0.000309"/>
        <testcase name="testIsStartWhenStartIsFalse" class="Tests\App\Proj\RoomTest" classname="Tests.App.Proj.RoomTest" file="/home/anbl/dbwebb-kurser/mvc/me/report/tests/Proj/RoomTest.php" line="253" assertions="2" time="0.000323"/>
      </testsuite>
      <testsuite name="Tests\App\Proj\RoomTypeTest" file="/home/anbl/dbwebb-kurser/mvc/me/report/tests/Proj/RoomTypeTest.php" tests="1" assertions="5" errors="0" warnings="0" failures="0" skipped="0" time="0.002506">
        <testcase name="testSubmitValidData" class="Tests\App\Proj\RoomTypeTest" classname="Tests.App.Proj.RoomTypeTest" file="/home/anbl/dbwebb-kurser/mvc/me/report/tests/Proj/RoomTypeTest.php" line="11" assertions="5" time="0.002506"/>
      </testsuite>
    </testsuite>
  </testsuite>
</testsuites>
